running egg_info
writing ../../build/simplenode/simplenode.egg-info/PKG-INFO
writing dependency_links to ../../build/simplenode/simplenode.egg-info/dependency_links.txt
writing entry points to ../../build/simplenode/simplenode.egg-info/entry_points.txt
writing requirements to ../../build/simplenode/simplenode.egg-info/requires.txt
writing top-level names to ../../build/simplenode/simplenode.egg-info/top_level.txt
reading manifest file '../../build/simplenode/simplenode.egg-info/SOURCES.txt'
writing manifest file '../../build/simplenode/simplenode.egg-info/SOURCES.txt'
running build
running build_py
copying simplenode/simplenode.py -> /home/remin/Desktop/ros2-creating _simple_node/build/simplenode/build/lib/simplenode
running install
running install_lib
copying /home/remin/Desktop/ros2-creating _simple_node/build/simplenode/build/lib/simplenode/simplenode.py -> /home/remin/Desktop/ros2-creating _simple_node/install/simplenode/lib/python3.10/site-packages/simplenode
byte-compiling /home/remin/Desktop/ros2-creating _simple_node/install/simplenode/lib/python3.10/site-packages/simplenode/simplenode.py to simplenode.cpython-310.pyc
running install_data
running install_egg_info
removing '/home/remin/Desktop/ros2-creating _simple_node/install/simplenode/lib/python3.10/site-packages/simplenode-0.0.0-py3.10.egg-info' (and everything under it)
Copying ../../build/simplenode/simplenode.egg-info to /home/remin/Desktop/ros2-creating _simple_node/install/simplenode/lib/python3.10/site-packages/simplenode-0.0.0-py3.10.egg-info
running install_scripts
Installing simplenode script to /home/remin/Desktop/ros2-creating _simple_node/install/simplenode/lib/simplenode
writing list of installed files to '/home/remin/Desktop/ros2-creating _simple_node/build/simplenode/install.log'
