[0.047s] DEBUG:colcon:Command line arguments: ['/usr/bin/colcon', 'build']
[0.048s] DEBUG:colcon:Parsed command line arguments: Namespace(log_base=None, log_level=None, verb_name='build', build_base='build', install_base='install', merge_install=False, symlink_install=False, test_result_base=None, continue_on_error=False, executor='parallel', parallel_workers=20, event_handlers=None, ignore_user_meta=False, metas=['./colcon.meta'], base_paths=['.'], packages_ignore=None, packages_ignore_regex=None, paths=None, packages_up_to=None, packages_up_to_regex=None, packages_above=None, packages_above_and_dependencies=None, packages_above_depth=None, packages_select_by_dep=None, packages_skip_by_dep=None, packages_skip_up_to=None, packages_select_build_failed=False, packages_skip_build_finished=False, packages_select_test_failures=False, packages_skip_test_passed=False, packages_select=None, packages_skip=None, packages_select_regex=None, packages_skip_regex=None, packages_start=None, packages_end=None, allow_overriding=[], cmake_args=None, cmake_target=None, cmake_target_skip_unavailable=False, cmake_clean_cache=False, cmake_clean_first=False, cmake_force_configure=False, ament_cmake_args=None, catkin_cmake_args=None, catkin_skip_building_tests=False, verb_parser=<colcon_defaults.argument_parser.defaults.DefaultArgumentsDecorator object at 0x7b243ed23190>, verb_extension=<colcon_core.verb.build.BuildVerb object at 0x7b243ed22800>, main=<bound method BuildVerb.main of <colcon_core.verb.build.BuildVerb object at 0x7b243ed22800>>)
[5.141s] Level 1:colcon.colcon_core.package_discovery:discover_packages(colcon_meta) check parameters
[5.141s] Level 1:colcon.colcon_core.package_discovery:discover_packages(recursive) check parameters
[5.141s] Level 1:colcon.colcon_core.package_discovery:discover_packages(ignore) check parameters
[5.141s] Level 1:colcon.colcon_core.package_discovery:discover_packages(path) check parameters
[5.141s] Level 1:colcon.colcon_core.package_discovery:discover_packages(colcon_meta) discover
[5.141s] Level 1:colcon.colcon_core.package_discovery:discover_packages(recursive) discover
[5.141s] INFO:colcon.colcon_core.package_discovery:Crawling recursively for packages in '/home/remin/Desktop/exp-2-ros'
[5.141s] Level 1:colcon.colcon_core.package_identification:_identify(.) by extensions ['ignore', 'ignore_ament_install']
[5.141s] Level 1:colcon.colcon_core.package_identification:_identify(.) by extension 'ignore'
[5.141s] Level 1:colcon.colcon_core.package_identification:_identify(.) by extension 'ignore_ament_install'
[5.141s] Level 1:colcon.colcon_core.package_identification:_identify(.) by extensions ['colcon_pkg']
[5.141s] Level 1:colcon.colcon_core.package_identification:_identify(.) by extension 'colcon_pkg'
[5.141s] Level 1:colcon.colcon_core.package_identification:_identify(.) by extensions ['colcon_meta']
[5.141s] Level 1:colcon.colcon_core.package_identification:_identify(.) by extension 'colcon_meta'
[5.141s] Level 1:colcon.colcon_core.package_identification:_identify(.) by extensions ['ros']
[5.141s] Level 1:colcon.colcon_core.package_identification:_identify(.) by extension 'ros'
[5.148s] Level 1:colcon.colcon_core.package_identification:_identify(.) by extensions ['cmake', 'python']
[5.148s] Level 1:colcon.colcon_core.package_identification:_identify(.) by extension 'cmake'
[5.148s] Level 1:colcon.colcon_core.package_identification:_identify(.) by extension 'python'
[5.148s] Level 1:colcon.colcon_core.package_identification:_identify(.) by extensions ['python_setup_py']
[5.148s] Level 1:colcon.colcon_core.package_identification:_identify(.) by extension 'python_setup_py'
[5.148s] Level 1:colcon.colcon_core.package_identification:_identify(build) by extensions ['ignore', 'ignore_ament_install']
[5.148s] Level 1:colcon.colcon_core.package_identification:_identify(build) by extension 'ignore'
[5.148s] Level 1:colcon.colcon_core.package_identification:_identify(build) ignored
[5.148s] Level 1:colcon.colcon_core.package_identification:_identify(install) by extensions ['ignore', 'ignore_ament_install']
[5.149s] Level 1:colcon.colcon_core.package_identification:_identify(install) by extension 'ignore'
[5.149s] Level 1:colcon.colcon_core.package_identification:_identify(install) ignored
[5.149s] Level 1:colcon.colcon_core.package_identification:_identify(log) by extensions ['ignore', 'ignore_ament_install']
[5.149s] Level 1:colcon.colcon_core.package_identification:_identify(log) by extension 'ignore'
[5.149s] Level 1:colcon.colcon_core.package_identification:_identify(log) ignored
[5.149s] Level 1:colcon.colcon_core.package_identification:_identify(src) by extensions ['ignore', 'ignore_ament_install']
[5.149s] Level 1:colcon.colcon_core.package_identification:_identify(src) by extension 'ignore'
[5.149s] Level 1:colcon.colcon_core.package_identification:_identify(src) by extension 'ignore_ament_install'
[5.149s] Level 1:colcon.colcon_core.package_identification:_identify(src) by extensions ['colcon_pkg']
[5.149s] Level 1:colcon.colcon_core.package_identification:_identify(src) by extension 'colcon_pkg'
[5.149s] Level 1:colcon.colcon_core.package_identification:_identify(src) by extensions ['colcon_meta']
[5.149s] Level 1:colcon.colcon_core.package_identification:_identify(src) by extension 'colcon_meta'
[5.149s] Level 1:colcon.colcon_core.package_identification:_identify(src) by extensions ['ros']
[5.149s] Level 1:colcon.colcon_core.package_identification:_identify(src) by extension 'ros'
[5.149s] Level 1:colcon.colcon_core.package_identification:_identify(src) by extensions ['cmake', 'python']
[5.149s] Level 1:colcon.colcon_core.package_identification:_identify(src) by extension 'cmake'
[5.149s] Level 1:colcon.colcon_core.package_identification:_identify(src) by extension 'python'
[5.149s] Level 1:colcon.colcon_core.package_identification:_identify(src) by extensions ['python_setup_py']
[5.149s] Level 1:colcon.colcon_core.package_identification:_identify(src) by extension 'python_setup_py'
[5.149s] Level 1:colcon.colcon_core.package_identification:_identify(src/timerfr) by extensions ['ignore', 'ignore_ament_install']
[5.149s] Level 1:colcon.colcon_core.package_identification:_identify(src/timerfr) by extension 'ignore'
[5.149s] Level 1:colcon.colcon_core.package_identification:_identify(src/timerfr) by extension 'ignore_ament_install'
[5.149s] Level 1:colcon.colcon_core.package_identification:_identify(src/timerfr) by extensions ['colcon_pkg']
[5.149s] Level 1:colcon.colcon_core.package_identification:_identify(src/timerfr) by extension 'colcon_pkg'
[5.149s] Level 1:colcon.colcon_core.package_identification:_identify(src/timerfr) by extensions ['colcon_meta']
[5.149s] Level 1:colcon.colcon_core.package_identification:_identify(src/timerfr) by extension 'colcon_meta'
[5.149s] Level 1:colcon.colcon_core.package_identification:_identify(src/timerfr) by extensions ['ros']
[5.149s] Level 1:colcon.colcon_core.package_identification:_identify(src/timerfr) by extension 'ros'
[5.198s] DEBUG:colcon.colcon_core.package_identification:Package 'src/timerfr' with type 'ros.ament_python' and name 'timerfr'
[5.198s] Level 1:colcon.colcon_core.package_discovery:discover_packages(recursive) using defaults
[5.198s] Level 1:colcon.colcon_core.package_discovery:discover_packages(ignore) discover
[5.198s] Level 1:colcon.colcon_core.package_discovery:discover_packages(ignore) using defaults
[5.198s] Level 1:colcon.colcon_core.package_discovery:discover_packages(path) discover
[5.198s] Level 1:colcon.colcon_core.package_discovery:discover_packages(path) using defaults
[5.219s] Level 1:colcon.colcon_core.package_discovery:discover_packages(prefix_path) check parameters
[5.219s] Level 1:colcon.colcon_core.package_discovery:discover_packages(prefix_path) discover
[5.239s] DEBUG:colcon.colcon_installed_package_information.package_discovery:Found 0 installed packages in /home/remin/Desktop/exp-2-ros/install
[5.242s] DEBUG:colcon.colcon_installed_package_information.package_discovery:Found 271 installed packages in /opt/ros/humble
[5.246s] Level 1:colcon.colcon_core.package_discovery:discover_packages(prefix_path) using defaults
[5.280s] Level 5:colcon.colcon_core.verb:set package 'timerfr' build argument 'cmake_args' from command line to 'None'
[5.280s] Level 5:colcon.colcon_core.verb:set package 'timerfr' build argument 'cmake_target' from command line to 'None'
[5.280s] Level 5:colcon.colcon_core.verb:set package 'timerfr' build argument 'cmake_target_skip_unavailable' from command line to 'False'
[5.280s] Level 5:colcon.colcon_core.verb:set package 'timerfr' build argument 'cmake_clean_cache' from command line to 'False'
[5.280s] Level 5:colcon.colcon_core.verb:set package 'timerfr' build argument 'cmake_clean_first' from command line to 'False'
[5.280s] Level 5:colcon.colcon_core.verb:set package 'timerfr' build argument 'cmake_force_configure' from command line to 'False'
[5.280s] Level 5:colcon.colcon_core.verb:set package 'timerfr' build argument 'ament_cmake_args' from command line to 'None'
[5.280s] Level 5:colcon.colcon_core.verb:set package 'timerfr' build argument 'catkin_cmake_args' from command line to 'None'
[5.280s] Level 5:colcon.colcon_core.verb:set package 'timerfr' build argument 'catkin_skip_building_tests' from command line to 'False'
[5.280s] DEBUG:colcon.colcon_core.verb:Building package 'timerfr' with the following arguments: {'ament_cmake_args': None, 'build_base': '/home/remin/Desktop/exp-2-ros/build/timerfr', 'catkin_cmake_args': None, 'catkin_skip_building_tests': False, 'cmake_args': None, 'cmake_clean_cache': False, 'cmake_clean_first': False, 'cmake_force_configure': False, 'cmake_target': None, 'cmake_target_skip_unavailable': False, 'install_base': '/home/remin/Desktop/exp-2-ros/install/timerfr', 'merge_install': False, 'path': '/home/remin/Desktop/exp-2-ros/src/timerfr', 'symlink_install': False, 'test_result_base': None}
[5.281s] INFO:colcon.colcon_core.executor:Executing jobs using 'parallel' executor
[5.281s] DEBUG:colcon.colcon_parallel_executor.executor.parallel:run_until_complete
[5.281s] INFO:colcon.colcon_ros.task.ament_python.build:Building ROS package in '/home/remin/Desktop/exp-2-ros/src/timerfr' with build type 'ament_python'
[5.282s] Level 1:colcon.colcon_core.shell:create_environment_hook('timerfr', 'ament_prefix_path')
[5.282s] INFO:colcon.colcon_core.plugin_system:Skipping extension 'colcon_core.shell.bat': Not used on non-Windows systems
[5.283s] INFO:colcon.colcon_core.shell:Creating environment hook '/home/remin/Desktop/exp-2-ros/install/timerfr/share/timerfr/hook/ament_prefix_path.ps1'
[5.295s] INFO:colcon.colcon_core.shell:Creating environment descriptor '/home/remin/Desktop/exp-2-ros/install/timerfr/share/timerfr/hook/ament_prefix_path.dsv'
[5.317s] INFO:colcon.colcon_core.shell:Creating environment hook '/home/remin/Desktop/exp-2-ros/install/timerfr/share/timerfr/hook/ament_prefix_path.sh'
[5.330s] INFO:colcon.colcon_core.shell:Skip shell extension 'powershell' for command environment: Not usable outside of PowerShell
[5.330s] DEBUG:colcon.colcon_core.shell:Skip shell extension 'dsv' for command environment
[5.579s] INFO:colcon.colcon_core.task.python.build:Building Python package in '/home/remin/Desktop/exp-2-ros/src/timerfr'
[5.579s] INFO:colcon.colcon_core.shell:Skip shell extension 'powershell' for command environment: Not usable outside of PowerShell
[5.579s] DEBUG:colcon.colcon_core.shell:Skip shell extension 'dsv' for command environment
[6.994s] DEBUG:colcon.colcon_core.event_handler.log_command:Invoking command in '/home/remin/Desktop/exp-2-ros/src/timerfr': PYTHONPATH=/home/remin/Desktop/exp-2-ros/build/timerfr/prefix_override:/usr/lib/python3/dist-packages/colcon_core/task/python/colcon_distutils_commands:/home/remin/Desktop/exp-2-ros/install/timerfr/lib/python3.10/site-packages:${PYTHONPATH} /usr/bin/python3 -W ignore:setup.py install is deprecated -W ignore:easy_install command is deprecated setup.py egg_info --egg-base ../../build/timerfr build --build-base /home/remin/Desktop/exp-2-ros/build/timerfr/build install --record /home/remin/Desktop/exp-2-ros/build/timerfr/install.log --single-version-externally-managed install_data
[7.196s] DEBUG:colcon.colcon_core.event_handler.log_command:Invoked command in '/home/remin/Desktop/exp-2-ros/src/timerfr' returned '0': PYTHONPATH=/home/remin/Desktop/exp-2-ros/build/timerfr/prefix_override:/usr/lib/python3/dist-packages/colcon_core/task/python/colcon_distutils_commands:/home/remin/Desktop/exp-2-ros/install/timerfr/lib/python3.10/site-packages:${PYTHONPATH} /usr/bin/python3 -W ignore:setup.py install is deprecated -W ignore:easy_install command is deprecated setup.py egg_info --egg-base ../../build/timerfr build --build-base /home/remin/Desktop/exp-2-ros/build/timerfr/build install --record /home/remin/Desktop/exp-2-ros/build/timerfr/install.log --single-version-externally-managed install_data
[7.444s] Level 1:colcon.colcon_core.environment:checking '/home/remin/Desktop/exp-2-ros/install/timerfr' for CMake module files
[7.445s] Level 1:colcon.colcon_core.environment:checking '/home/remin/Desktop/exp-2-ros/install/timerfr' for CMake config files
[7.446s] Level 1:colcon.colcon_core.environment:checking '/home/remin/Desktop/exp-2-ros/install/timerfr/lib'
[7.446s] Level 1:colcon.colcon_core.environment:checking '/home/remin/Desktop/exp-2-ros/install/timerfr/bin'
[7.446s] Level 1:colcon.colcon_core.environment:checking '/home/remin/Desktop/exp-2-ros/install/timerfr/lib/pkgconfig/timerfr.pc'
[7.446s] Level 1:colcon.colcon_core.environment:checking '/home/remin/Desktop/exp-2-ros/install/timerfr/lib/python3.10/site-packages'
[7.446s] Level 1:colcon.colcon_core.shell:create_environment_hook('timerfr', 'pythonpath')
[7.447s] INFO:colcon.colcon_core.shell:Creating environment hook '/home/remin/Desktop/exp-2-ros/install/timerfr/share/timerfr/hook/pythonpath.ps1'
[7.447s] INFO:colcon.colcon_core.shell:Creating environment descriptor '/home/remin/Desktop/exp-2-ros/install/timerfr/share/timerfr/hook/pythonpath.dsv'
[7.448s] INFO:colcon.colcon_core.shell:Creating environment hook '/home/remin/Desktop/exp-2-ros/install/timerfr/share/timerfr/hook/pythonpath.sh'
[7.448s] Level 1:colcon.colcon_core.environment:checking '/home/remin/Desktop/exp-2-ros/install/timerfr/bin'
[7.448s] Level 1:colcon.colcon_core.environment:create_environment_scripts_only(timerfr)
[7.449s] INFO:colcon.colcon_core.shell:Creating package script '/home/remin/Desktop/exp-2-ros/install/timerfr/share/timerfr/package.ps1'
[7.466s] INFO:colcon.colcon_core.shell:Creating package descriptor '/home/remin/Desktop/exp-2-ros/install/timerfr/share/timerfr/package.dsv'
[7.509s] INFO:colcon.colcon_core.shell:Creating package script '/home/remin/Desktop/exp-2-ros/install/timerfr/share/timerfr/package.sh'
[7.518s] INFO:colcon.colcon_core.shell:Creating package script '/home/remin/Desktop/exp-2-ros/install/timerfr/share/timerfr/package.bash'
[7.550s] INFO:colcon.colcon_core.shell:Creating package script '/home/remin/Desktop/exp-2-ros/install/timerfr/share/timerfr/package.zsh'
[7.575s] Level 1:colcon.colcon_core.environment:create_file_with_runtime_dependencies(/home/remin/Desktop/exp-2-ros/install/timerfr/share/colcon-core/packages/timerfr)
[7.576s] DEBUG:colcon.colcon_parallel_executor.executor.parallel:closing loop
[7.576s] DEBUG:colcon.colcon_parallel_executor.executor.parallel:loop closed
[7.577s] DEBUG:colcon.colcon_parallel_executor.executor.parallel:run_until_complete finished with '0'
[7.577s] DEBUG:colcon.colcon_core.event_reactor:joining thread
[7.583s] INFO:colcon.colcon_core.plugin_system:Skipping extension 'colcon_notification.desktop_notification.terminal_notifier': Not used on non-Darwin systems
[7.583s] INFO:colcon.colcon_core.plugin_system:Skipping extension 'colcon_notification.desktop_notification.win32': Not used on non-Windows systems
[7.583s] INFO:colcon.colcon_notification.desktop_notification:Sending desktop notification using 'notify2'
[7.601s] DEBUG:colcon.colcon_core.event_reactor:joined thread
[7.601s] INFO:colcon.colcon_core.shell:Creating prefix script '/home/remin/Desktop/exp-2-ros/install/local_setup.ps1'
[7.602s] INFO:colcon.colcon_core.shell:Creating prefix util module '/home/remin/Desktop/exp-2-ros/install/_local_setup_util_ps1.py'
[7.604s] INFO:colcon.colcon_core.shell:Creating prefix chain script '/home/remin/Desktop/exp-2-ros/install/setup.ps1'
[7.606s] INFO:colcon.colcon_core.shell:Creating prefix script '/home/remin/Desktop/exp-2-ros/install/local_setup.sh'
[7.607s] INFO:colcon.colcon_core.shell:Creating prefix util module '/home/remin/Desktop/exp-2-ros/install/_local_setup_util_sh.py'
[7.607s] INFO:colcon.colcon_core.shell:Creating prefix chain script '/home/remin/Desktop/exp-2-ros/install/setup.sh'
[7.609s] INFO:colcon.colcon_core.shell:Creating prefix script '/home/remin/Desktop/exp-2-ros/install/local_setup.bash'
[7.610s] INFO:colcon.colcon_core.shell:Creating prefix chain script '/home/remin/Desktop/exp-2-ros/install/setup.bash'
[7.611s] INFO:colcon.colcon_core.shell:Creating prefix script '/home/remin/Desktop/exp-2-ros/install/local_setup.zsh'
[7.612s] INFO:colcon.colcon_core.shell:Creating prefix chain script '/home/remin/Desktop/exp-2-ros/install/setup.zsh'
