running egg_info
writing ../../build/timerfr/timerfr.egg-info/PKG-INFO
writing dependency_links to ../../build/timerfr/timerfr.egg-info/dependency_links.txt
writing entry points to ../../build/timerfr/timerfr.egg-info/entry_points.txt
writing requirements to ../../build/timerfr/timerfr.egg-info/requires.txt
writing top-level names to ../../build/timerfr/timerfr.egg-info/top_level.txt
reading manifest file '../../build/timerfr/timerfr.egg-info/SOURCES.txt'
writing manifest file '../../build/timerfr/timerfr.egg-info/SOURCES.txt'
running build
running build_py
copying timerfr/timer.py -> /home/remin/Desktop/exp-2-ros/build/timerfr/build/lib/timerfr
running install
running install_lib
copying /home/remin/Desktop/exp-2-ros/build/timerfr/build/lib/timerfr/timer.py -> /home/remin/Desktop/exp-2-ros/install/timerfr/lib/python3.10/site-packages/timerfr
byte-compiling /home/remin/Desktop/exp-2-ros/install/timerfr/lib/python3.10/site-packages/timerfr/timer.py to timer.cpython-310.pyc
running install_data
copying package.xml -> /home/remin/Desktop/exp-2-ros/install/timerfr/share/timerfr
running install_egg_info
removing '/home/remin/Desktop/exp-2-ros/install/timerfr/lib/python3.10/site-packages/timerfr-0.0.0-py3.10.egg-info' (and everything under it)
Copying ../../build/timerfr/timerfr.egg-info to /home/remin/Desktop/exp-2-ros/install/timerfr/lib/python3.10/site-packages/timerfr-0.0.0-py3.10.egg-info
running install_scripts
Installing tim script to /home/remin/Desktop/exp-2-ros/install/timerfr/lib/timerfr
writing list of installed files to '/home/remin/Desktop/exp-2-ros/build/timerfr/install.log'
