[0.847s] DEBUG:colcon:Command line arguments: ['/usr/bin/colcon', 'build']
[0.848s] DEBUG:colcon:Parsed command line arguments: Namespace(log_base=None, log_level=None, verb_name='build', build_base='build', install_base='install', merge_install=False, symlink_install=False, test_result_base=None, continue_on_error=False, executor='parallel', parallel_workers=20, event_handlers=None, ignore_user_meta=False, metas=['./colcon.meta'], base_paths=['.'], packages_ignore=None, packages_ignore_regex=None, paths=None, packages_up_to=None, packages_up_to_regex=None, packages_above=None, packages_above_and_dependencies=None, packages_above_depth=None, packages_select_by_dep=None, packages_skip_by_dep=None, packages_skip_up_to=None, packages_select_build_failed=False, packages_skip_build_finished=False, packages_select_test_failures=False, packages_skip_test_passed=False, packages_select=None, packages_skip=None, packages_select_regex=None, packages_skip_regex=None, packages_start=None, packages_end=None, allow_overriding=[], cmake_args=None, cmake_target=None, cmake_target_skip_unavailable=False, cmake_clean_cache=False, cmake_clean_first=False, cmake_force_configure=False, ament_cmake_args=None, catkin_cmake_args=None, catkin_skip_building_tests=False, verb_parser=<colcon_defaults.argument_parser.defaults.DefaultArgumentsDecorator object at 0x7220d343b7f0>, verb_extension=<colcon_core.verb.build.BuildVerb object at 0x7220d343ae60>, main=<bound method BuildVerb.main of <colcon_core.verb.build.BuildVerb object at 0x7220d343ae60>>)
[2.464s] Level 1:colcon.colcon_core.package_discovery:discover_packages(colcon_meta) check parameters
[2.465s] Level 1:colcon.colcon_core.package_discovery:discover_packages(recursive) check parameters
[2.465s] Level 1:colcon.colcon_core.package_discovery:discover_packages(ignore) check parameters
[2.465s] Level 1:colcon.colcon_core.package_discovery:discover_packages(path) check parameters
[2.465s] Level 1:colcon.colcon_core.package_discovery:discover_packages(colcon_meta) discover
[2.465s] Level 1:colcon.colcon_core.package_discovery:discover_packages(recursive) discover
[2.465s] INFO:colcon.colcon_core.package_discovery:Crawling recursively for packages in '/home/remin/Desktop/exp-5-ros/src'
[2.465s] Level 1:colcon.colcon_core.package_identification:_identify(.) by extensions ['ignore', 'ignore_ament_install']
[2.465s] Level 1:colcon.colcon_core.package_identification:_identify(.) by extension 'ignore'
[2.465s] Level 1:colcon.colcon_core.package_identification:_identify(.) by extension 'ignore_ament_install'
[2.465s] Level 1:colcon.colcon_core.package_identification:_identify(.) by extensions ['colcon_pkg']
[2.465s] Level 1:colcon.colcon_core.package_identification:_identify(.) by extension 'colcon_pkg'
[2.465s] Level 1:colcon.colcon_core.package_identification:_identify(.) by extensions ['colcon_meta']
[2.465s] Level 1:colcon.colcon_core.package_identification:_identify(.) by extension 'colcon_meta'
[2.465s] Level 1:colcon.colcon_core.package_identification:_identify(.) by extensions ['ros']
[2.465s] Level 1:colcon.colcon_core.package_identification:_identify(.) by extension 'ros'
[2.472s] Level 1:colcon.colcon_core.package_identification:_identify(.) by extensions ['cmake', 'python']
[2.472s] Level 1:colcon.colcon_core.package_identification:_identify(.) by extension 'cmake'
[2.472s] Level 1:colcon.colcon_core.package_identification:_identify(.) by extension 'python'
[2.472s] Level 1:colcon.colcon_core.package_identification:_identify(.) by extensions ['python_setup_py']
[2.472s] Level 1:colcon.colcon_core.package_identification:_identify(.) by extension 'python_setup_py'
[2.472s] Level 1:colcon.colcon_core.package_identification:_identify(build) by extensions ['ignore', 'ignore_ament_install']
[2.472s] Level 1:colcon.colcon_core.package_identification:_identify(build) by extension 'ignore'
[2.472s] Level 1:colcon.colcon_core.package_identification:_identify(build) ignored
[2.472s] Level 1:colcon.colcon_core.package_identification:_identify(hello_world) by extensions ['ignore', 'ignore_ament_install']
[2.472s] Level 1:colcon.colcon_core.package_identification:_identify(hello_world) by extension 'ignore'
[2.472s] Level 1:colcon.colcon_core.package_identification:_identify(hello_world) by extension 'ignore_ament_install'
[2.472s] Level 1:colcon.colcon_core.package_identification:_identify(hello_world) by extensions ['colcon_pkg']
[2.472s] Level 1:colcon.colcon_core.package_identification:_identify(hello_world) by extension 'colcon_pkg'
[2.472s] Level 1:colcon.colcon_core.package_identification:_identify(hello_world) by extensions ['colcon_meta']
[2.472s] Level 1:colcon.colcon_core.package_identification:_identify(hello_world) by extension 'colcon_meta'
[2.472s] Level 1:colcon.colcon_core.package_identification:_identify(hello_world) by extensions ['ros']
[2.472s] Level 1:colcon.colcon_core.package_identification:_identify(hello_world) by extension 'ros'
[2.474s] DEBUG:colcon.colcon_core.package_identification:Package 'hello_world' with type 'ros.ament_python' and name 'hello_world'
[2.474s] Level 1:colcon.colcon_core.package_identification:_identify(install) by extensions ['ignore', 'ignore_ament_install']
[2.474s] Level 1:colcon.colcon_core.package_identification:_identify(install) by extension 'ignore'
[2.474s] Level 1:colcon.colcon_core.package_identification:_identify(install) ignored
[2.474s] Level 1:colcon.colcon_core.package_identification:_identify(log) by extensions ['ignore', 'ignore_ament_install']
[2.474s] Level 1:colcon.colcon_core.package_identification:_identify(log) by extension 'ignore'
[2.474s] Level 1:colcon.colcon_core.package_identification:_identify(log) ignored
[2.474s] Level 1:colcon.colcon_core.package_discovery:discover_packages(recursive) using defaults
[2.474s] Level 1:colcon.colcon_core.package_discovery:discover_packages(ignore) discover
[2.474s] Level 1:colcon.colcon_core.package_discovery:discover_packages(ignore) using defaults
[2.474s] Level 1:colcon.colcon_core.package_discovery:discover_packages(path) discover
[2.474s] Level 1:colcon.colcon_core.package_discovery:discover_packages(path) using defaults
[2.492s] Level 1:colcon.colcon_core.package_discovery:discover_packages(prefix_path) check parameters
[2.492s] Level 1:colcon.colcon_core.package_discovery:discover_packages(prefix_path) discover
[2.536s] DEBUG:colcon.colcon_installed_package_information.package_discovery:Found 1 installed packages in /home/remin/Desktop/exp-5-ros/install
[2.537s] DEBUG:colcon.colcon_installed_package_information.package_discovery:Found 1 installed packages in /home/remin/Desktop/exp-2-ros/install
[2.540s] DEBUG:colcon.colcon_installed_package_information.package_discovery:Found 271 installed packages in /opt/ros/humble
[2.543s] Level 1:colcon.colcon_core.package_discovery:discover_packages(prefix_path) using defaults
[2.622s] Level 5:colcon.colcon_core.verb:set package 'hello_world' build argument 'cmake_args' from command line to 'None'
[2.622s] Level 5:colcon.colcon_core.verb:set package 'hello_world' build argument 'cmake_target' from command line to 'None'
[2.622s] Level 5:colcon.colcon_core.verb:set package 'hello_world' build argument 'cmake_target_skip_unavailable' from command line to 'False'
[2.622s] Level 5:colcon.colcon_core.verb:set package 'hello_world' build argument 'cmake_clean_cache' from command line to 'False'
[2.622s] Level 5:colcon.colcon_core.verb:set package 'hello_world' build argument 'cmake_clean_first' from command line to 'False'
[2.622s] Level 5:colcon.colcon_core.verb:set package 'hello_world' build argument 'cmake_force_configure' from command line to 'False'
[2.622s] Level 5:colcon.colcon_core.verb:set package 'hello_world' build argument 'ament_cmake_args' from command line to 'None'
[2.622s] Level 5:colcon.colcon_core.verb:set package 'hello_world' build argument 'catkin_cmake_args' from command line to 'None'
[2.622s] Level 5:colcon.colcon_core.verb:set package 'hello_world' build argument 'catkin_skip_building_tests' from command line to 'False'
[2.622s] DEBUG:colcon.colcon_core.verb:Building package 'hello_world' with the following arguments: {'ament_cmake_args': None, 'build_base': '/home/remin/Desktop/exp-5-ros/src/build/hello_world', 'catkin_cmake_args': None, 'catkin_skip_building_tests': False, 'cmake_args': None, 'cmake_clean_cache': False, 'cmake_clean_first': False, 'cmake_force_configure': False, 'cmake_target': None, 'cmake_target_skip_unavailable': False, 'install_base': '/home/remin/Desktop/exp-5-ros/src/install/hello_world', 'merge_install': False, 'path': '/home/remin/Desktop/exp-5-ros/src/hello_world', 'symlink_install': False, 'test_result_base': None}
[2.622s] INFO:colcon.colcon_core.executor:Executing jobs using 'parallel' executor
[2.623s] DEBUG:colcon.colcon_parallel_executor.executor.parallel:run_until_complete
[2.623s] INFO:colcon.colcon_ros.task.ament_python.build:Building ROS package in '/home/remin/Desktop/exp-5-ros/src/hello_world' with build type 'ament_python'
[2.623s] Level 1:colcon.colcon_core.shell:create_environment_hook('hello_world', 'ament_prefix_path')
[2.636s] INFO:colcon.colcon_core.plugin_system:Skipping extension 'colcon_core.shell.bat': Not used on non-Windows systems
[2.637s] INFO:colcon.colcon_core.shell:Creating environment hook '/home/remin/Desktop/exp-5-ros/src/install/hello_world/share/hello_world/hook/ament_prefix_path.ps1'
[2.645s] INFO:colcon.colcon_core.shell:Creating environment descriptor '/home/remin/Desktop/exp-5-ros/src/install/hello_world/share/hello_world/hook/ament_prefix_path.dsv'
[2.655s] INFO:colcon.colcon_core.shell:Creating environment hook '/home/remin/Desktop/exp-5-ros/src/install/hello_world/share/hello_world/hook/ament_prefix_path.sh'
[2.656s] INFO:colcon.colcon_core.shell:Skip shell extension 'powershell' for command environment: Not usable outside of PowerShell
[2.656s] DEBUG:colcon.colcon_core.shell:Skip shell extension 'dsv' for command environment
[2.839s] INFO:colcon.colcon_core.task.python.build:Building Python package in '/home/remin/Desktop/exp-5-ros/src/hello_world'
[2.840s] INFO:colcon.colcon_core.shell:Skip shell extension 'powershell' for command environment: Not usable outside of PowerShell
[2.840s] DEBUG:colcon.colcon_core.shell:Skip shell extension 'dsv' for command environment
[3.563s] DEBUG:colcon.colcon_core.event_handler.log_command:Invoking command in '/home/remin/Desktop/exp-5-ros/src/hello_world': PYTHONPATH=/home/remin/Desktop/exp-5-ros/src/build/hello_world/prefix_override:/usr/lib/python3/dist-packages/colcon_core/task/python/colcon_distutils_commands:/home/remin/Desktop/exp-5-ros/src/install/hello_world/lib/python3.10/site-packages:${PYTHONPATH} /usr/bin/python3 -W ignore:setup.py install is deprecated -W ignore:easy_install command is deprecated setup.py egg_info --egg-base ../build/hello_world build --build-base /home/remin/Desktop/exp-5-ros/src/build/hello_world/build install --record /home/remin/Desktop/exp-5-ros/src/build/hello_world/install.log --single-version-externally-managed install_data
[3.703s] DEBUG:colcon.colcon_core.event_handler.log_command:Invoked command in '/home/remin/Desktop/exp-5-ros/src/hello_world' returned '0': PYTHONPATH=/home/remin/Desktop/exp-5-ros/src/build/hello_world/prefix_override:/usr/lib/python3/dist-packages/colcon_core/task/python/colcon_distutils_commands:/home/remin/Desktop/exp-5-ros/src/install/hello_world/lib/python3.10/site-packages:${PYTHONPATH} /usr/bin/python3 -W ignore:setup.py install is deprecated -W ignore:easy_install command is deprecated setup.py egg_info --egg-base ../build/hello_world build --build-base /home/remin/Desktop/exp-5-ros/src/build/hello_world/build install --record /home/remin/Desktop/exp-5-ros/src/build/hello_world/install.log --single-version-externally-managed install_data
[4.433s] Level 1:colcon.colcon_core.environment:checking '/home/remin/Desktop/exp-5-ros/src/install/hello_world' for CMake module files
[4.435s] Level 1:colcon.colcon_core.environment:checking '/home/remin/Desktop/exp-5-ros/src/install/hello_world' for CMake config files
[4.436s] Level 1:colcon.colcon_core.environment:checking '/home/remin/Desktop/exp-5-ros/src/install/hello_world/lib'
[4.437s] Level 1:colcon.colcon_core.environment:checking '/home/remin/Desktop/exp-5-ros/src/install/hello_world/bin'
[4.437s] Level 1:colcon.colcon_core.environment:checking '/home/remin/Desktop/exp-5-ros/src/install/hello_world/lib/pkgconfig/hello_world.pc'
[4.437s] Level 1:colcon.colcon_core.environment:checking '/home/remin/Desktop/exp-5-ros/src/install/hello_world/lib/python3.10/site-packages'
[4.438s] Level 1:colcon.colcon_core.shell:create_environment_hook('hello_world', 'pythonpath')
[4.438s] INFO:colcon.colcon_core.shell:Creating environment hook '/home/remin/Desktop/exp-5-ros/src/install/hello_world/share/hello_world/hook/pythonpath.ps1'
[4.439s] INFO:colcon.colcon_core.shell:Creating environment descriptor '/home/remin/Desktop/exp-5-ros/src/install/hello_world/share/hello_world/hook/pythonpath.dsv'
[4.439s] INFO:colcon.colcon_core.shell:Creating environment hook '/home/remin/Desktop/exp-5-ros/src/install/hello_world/share/hello_world/hook/pythonpath.sh'
[4.439s] Level 1:colcon.colcon_core.environment:checking '/home/remin/Desktop/exp-5-ros/src/install/hello_world/bin'
[4.439s] Level 1:colcon.colcon_core.environment:create_environment_scripts_only(hello_world)
[4.439s] INFO:colcon.colcon_core.shell:Creating package script '/home/remin/Desktop/exp-5-ros/src/install/hello_world/share/hello_world/package.ps1'
[4.460s] INFO:colcon.colcon_core.shell:Creating package descriptor '/home/remin/Desktop/exp-5-ros/src/install/hello_world/share/hello_world/package.dsv'
[4.470s] INFO:colcon.colcon_core.shell:Creating package script '/home/remin/Desktop/exp-5-ros/src/install/hello_world/share/hello_world/package.sh'
[4.472s] INFO:colcon.colcon_core.shell:Creating package script '/home/remin/Desktop/exp-5-ros/src/install/hello_world/share/hello_world/package.bash'
[4.489s] INFO:colcon.colcon_core.shell:Creating package script '/home/remin/Desktop/exp-5-ros/src/install/hello_world/share/hello_world/package.zsh'
[4.491s] Level 1:colcon.colcon_core.environment:create_file_with_runtime_dependencies(/home/remin/Desktop/exp-5-ros/src/install/hello_world/share/colcon-core/packages/hello_world)
[4.492s] DEBUG:colcon.colcon_parallel_executor.executor.parallel:closing loop
[4.492s] DEBUG:colcon.colcon_parallel_executor.executor.parallel:loop closed
[4.493s] DEBUG:colcon.colcon_parallel_executor.executor.parallel:run_until_complete finished with '0'
[4.493s] DEBUG:colcon.colcon_core.event_reactor:joining thread
[4.524s] INFO:colcon.colcon_core.plugin_system:Skipping extension 'colcon_notification.desktop_notification.terminal_notifier': Not used on non-Darwin systems
[4.525s] INFO:colcon.colcon_core.plugin_system:Skipping extension 'colcon_notification.desktop_notification.win32': Not used on non-Windows systems
[4.525s] INFO:colcon.colcon_notification.desktop_notification:Sending desktop notification using 'notify2'
[4.546s] DEBUG:colcon.colcon_core.event_reactor:joined thread
[4.546s] INFO:colcon.colcon_core.shell:Creating prefix script '/home/remin/Desktop/exp-5-ros/src/install/local_setup.ps1'
[4.554s] INFO:colcon.colcon_core.shell:Creating prefix util module '/home/remin/Desktop/exp-5-ros/src/install/_local_setup_util_ps1.py'
[4.568s] INFO:colcon.colcon_core.shell:Creating prefix chain script '/home/remin/Desktop/exp-5-ros/src/install/setup.ps1'
[4.611s] INFO:colcon.colcon_core.shell:Creating prefix script '/home/remin/Desktop/exp-5-ros/src/install/local_setup.sh'
[4.622s] INFO:colcon.colcon_core.shell:Creating prefix util module '/home/remin/Desktop/exp-5-ros/src/install/_local_setup_util_sh.py'
[4.623s] INFO:colcon.colcon_core.shell:Creating prefix chain script '/home/remin/Desktop/exp-5-ros/src/install/setup.sh'
[4.649s] INFO:colcon.colcon_core.shell:Creating prefix script '/home/remin/Desktop/exp-5-ros/src/install/local_setup.bash'
[4.667s] INFO:colcon.colcon_core.shell:Creating prefix chain script '/home/remin/Desktop/exp-5-ros/src/install/setup.bash'
[4.679s] INFO:colcon.colcon_core.shell:Creating prefix script '/home/remin/Desktop/exp-5-ros/src/install/local_setup.zsh'
[4.689s] INFO:colcon.colcon_core.shell:Creating prefix chain script '/home/remin/Desktop/exp-5-ros/src/install/setup.zsh'
