[0.453s] Invoking command in '/home/remin/Desktop/exp-1-ros/src/hello_world': PYTHONPATH=/home/remin/Desktop/exp-1-ros/build/hello_world/prefix_override:/usr/lib/python3/dist-packages/colcon_core/task/python/colcon_distutils_commands:/home/remin/Desktop/exp-1-ros/install/hello_world/lib/python3.10/site-packages:${PYTHONPATH} /usr/bin/python3 -W ignore:setup.py install is deprecated -W ignore:easy_install command is deprecated setup.py egg_info --egg-base ../../build/hello_world build --build-base /home/remin/Desktop/exp-1-ros/build/hello_world/build install --record /home/remin/Desktop/exp-1-ros/build/hello_world/install.log --single-version-externally-managed install_data
[0.559s] running egg_info
[0.559s] writing ../../build/hello_world/hello_world.egg-info/PKG-INFO
[0.617s] writing dependency_links to ../../build/hello_world/hello_world.egg-info/dependency_links.txt
[0.669s] writing entry points to ../../build/hello_world/hello_world.egg-info/entry_points.txt
[0.670s] writing requirements to ../../build/hello_world/hello_world.egg-info/requires.txt
[0.670s] writing top-level names to ../../build/hello_world/hello_world.egg-info/top_level.txt
[0.674s] reading manifest file '../../build/hello_world/hello_world.egg-info/SOURCES.txt'
[0.675s] writing manifest file '../../build/hello_world/hello_world.egg-info/SOURCES.txt'
[0.675s] running build
[0.675s] running build_py
[0.676s] copying hello_world/hello_world.py -> /home/remin/Desktop/exp-1-ros/build/hello_world/build/lib/hello_world
[0.676s] running install
[0.676s] running install_lib
[0.677s] copying /home/remin/Desktop/exp-1-ros/build/hello_world/build/lib/hello_world/hello_world.py -> /home/remin/Desktop/exp-1-ros/install/hello_world/lib/python3.10/site-packages/hello_world
[0.678s] byte-compiling /home/remin/Desktop/exp-1-ros/install/hello_world/lib/python3.10/site-packages/hello_world/hello_world.py to hello_world.cpython-310.pyc
[0.678s] running install_data
[0.678s] running install_egg_info
[0.681s] removing '/home/remin/Desktop/exp-1-ros/install/hello_world/lib/python3.10/site-packages/hello_world-0.0.0-py3.10.egg-info' (and everything under it)
[0.681s] Copying ../../build/hello_world/hello_world.egg-info to /home/remin/Desktop/exp-1-ros/install/hello_world/lib/python3.10/site-packages/hello_world-0.0.0-py3.10.egg-info
[0.682s] running install_scripts
[0.696s] Installing hello_world script to /home/remin/Desktop/exp-1-ros/install/hello_world/lib/hello_world
[0.707s] writing list of installed files to '/home/remin/Desktop/exp-1-ros/build/hello_world/install.log'
[0.727s] Invoked command in '/home/remin/Desktop/exp-1-ros/src/hello_world' returned '0': PYTHONPATH=/home/remin/Desktop/exp-1-ros/build/hello_world/prefix_override:/usr/lib/python3/dist-packages/colcon_core/task/python/colcon_distutils_commands:/home/remin/Desktop/exp-1-ros/install/hello_world/lib/python3.10/site-packages:${PYTHONPATH} /usr/bin/python3 -W ignore:setup.py install is deprecated -W ignore:easy_install command is deprecated setup.py egg_info --egg-base ../../build/hello_world build --build-base /home/remin/Desktop/exp-1-ros/build/hello_world/build install --record /home/remin/Desktop/exp-1-ros/build/hello_world/install.log --single-version-externally-managed install_data
