[1.245s] Invoking command in '/home/remin/Desktop/exp-5-ros/src/hello_world': PYTHONPATH=/home/remin/Desktop/exp-5-ros/build/hello_world/prefix_override:/usr/lib/python3/dist-packages/colcon_core/task/python/colcon_distutils_commands:/home/remin/Desktop/exp-5-ros/install/hello_world/lib/python3.10/site-packages:${PYTHONPATH} /usr/bin/python3 -W ignore:setup.py install is deprecated -W ignore:easy_install command is deprecated setup.py egg_info --egg-base ../../build/hello_world build --build-base /home/remin/Desktop/exp-5-ros/build/hello_world/build install --record /home/remin/Desktop/exp-5-ros/build/hello_world/install.log --single-version-externally-managed install_data
[1.355s] running egg_info
[1.355s] writing ../../build/hello_world/hello_world.egg-info/PKG-INFO
[1.437s] writing dependency_links to ../../build/hello_world/hello_world.egg-info/dependency_links.txt
[1.522s] writing entry points to ../../build/hello_world/hello_world.egg-info/entry_points.txt
[1.523s] writing requirements to ../../build/hello_world/hello_world.egg-info/requires.txt
[1.524s] writing top-level names to ../../build/hello_world/hello_world.egg-info/top_level.txt
[1.528s] reading manifest file '../../build/hello_world/hello_world.egg-info/SOURCES.txt'
[1.544s] writing manifest file '../../build/hello_world/hello_world.egg-info/SOURCES.txt'
[1.601s] running build
[1.602s] running build_py
[1.602s] copying hello_world/bye_recivevouwals.py -> /home/remin/Desktop/exp-5-ros/build/hello_world/build/lib/hello_world
[1.603s] running install
[1.604s] running install_lib
[1.605s] copying /home/remin/Desktop/exp-5-ros/build/hello_world/build/lib/hello_world/bye_recivevouwals.py -> /home/remin/Desktop/exp-5-ros/install/hello_world/lib/python3.10/site-packages/hello_world
[1.606s] byte-compiling /home/remin/Desktop/exp-5-ros/install/hello_world/lib/python3.10/site-packages/hello_world/bye_recivevouwals.py to bye_recivevouwals.cpython-310.pyc
[1.608s] running install_data
[1.608s] running install_egg_info
[1.610s] removing '/home/remin/Desktop/exp-5-ros/install/hello_world/lib/python3.10/site-packages/hello_world-0.0.0-py3.10.egg-info' (and everything under it)
[1.611s] Copying ../../build/hello_world/hello_world.egg-info to /home/remin/Desktop/exp-5-ros/install/hello_world/lib/python3.10/site-packages/hello_world-0.0.0-py3.10.egg-info
[1.641s] running install_scripts
[1.661s] Installing bye_vouwals script to /home/remin/Desktop/exp-5-ros/install/hello_world/lib/hello_world
[1.688s] Installing bye_world script to /home/remin/Desktop/exp-5-ros/install/hello_world/lib/hello_world
[1.743s] Installing bye_worldrecive script to /home/remin/Desktop/exp-5-ros/install/hello_world/lib/hello_world
[1.743s] Installing hello_world script to /home/remin/Desktop/exp-5-ros/install/hello_world/lib/hello_world
[1.744s] writing list of installed files to '/home/remin/Desktop/exp-5-ros/build/hello_world/install.log'
[1.765s] Invoked command in '/home/remin/Desktop/exp-5-ros/src/hello_world' returned '0': PYTHONPATH=/home/remin/Desktop/exp-5-ros/build/hello_world/prefix_override:/usr/lib/python3/dist-packages/colcon_core/task/python/colcon_distutils_commands:/home/remin/Desktop/exp-5-ros/install/hello_world/lib/python3.10/site-packages:${PYTHONPATH} /usr/bin/python3 -W ignore:setup.py install is deprecated -W ignore:easy_install command is deprecated setup.py egg_info --egg-base ../../build/hello_world build --build-base /home/remin/Desktop/exp-5-ros/build/hello_world/build install --record /home/remin/Desktop/exp-5-ros/build/hello_world/install.log --single-version-externally-managed install_data
