[0.044s] DEBUG:colcon:Command line arguments: ['/usr/bin/colcon', 'list', '-p', '--base-paths', '/home/remin/Desktop/exp-1-ros']
[0.044s] DEBUG:colcon:Parsed command line arguments: Namespace(log_base=None, log_level=None, verb_name='list', build_base='build', ignore_user_meta=False, metas=['./colcon.meta'], base_paths=['/home/remin/Desktop/exp-1-ros'], packages_ignore=None, packages_ignore_regex=None, paths=None, packages_up_to=None, packages_up_to_regex=None, packages_above=None, packages_above_and_dependencies=None, packages_above_depth=None, packages_select_by_dep=None, packages_skip_by_dep=None, packages_skip_up_to=None, packages_select_build_failed=False, packages_skip_build_finished=False, packages_select_test_failures=False, packages_skip_test_passed=False, packages_select=None, packages_skip=None, packages_select_regex=None, packages_skip_regex=None, packages_start=None, packages_end=None, allow_overriding=[], topological_order=False, names_only=False, paths_only=True, topological_graph=False, topological_graph_dot=False, topological_graph_density=False, topological_graph_legend=False, topological_graph_dot_cluster=False, topological_graph_dot_include_skipped=False, verb_parser=<colcon_defaults.argument_parser.defaults.DefaultArgumentsDecorator object at 0x79ad9712bc10>, verb_extension=<colcon_package_information.verb.list.ListVerb object at 0x79ad9712ac80>, main=<bound method ListVerb.main of <colcon_package_information.verb.list.ListVerb object at 0x79ad9712ac80>>)
[0.122s] Level 1:colcon.colcon_core.package_discovery:discover_packages(colcon_meta) check parameters
[0.122s] Level 1:colcon.colcon_core.package_discovery:discover_packages(recursive) check parameters
[0.122s] Level 1:colcon.colcon_core.package_discovery:discover_packages(ignore) check parameters
[0.122s] Level 1:colcon.colcon_core.package_discovery:discover_packages(path) check parameters
[0.122s] Level 1:colcon.colcon_core.package_discovery:discover_packages(recursive) discover
[0.122s] INFO:colcon.colcon_core.package_discovery:Crawling recursively for packages in '/home/remin/Desktop/exp-1-ros'
[0.123s] Level 1:colcon.colcon_core.package_identification:_identify(/home/remin/Desktop/exp-1-ros) by extensions ['ignore', 'ignore_ament_install']
[0.123s] Level 1:colcon.colcon_core.package_identification:_identify(/home/remin/Desktop/exp-1-ros) by extension 'ignore'
[0.123s] Level 1:colcon.colcon_core.package_identification:_identify(/home/remin/Desktop/exp-1-ros) by extension 'ignore_ament_install'
[0.123s] Level 1:colcon.colcon_core.package_identification:_identify(/home/remin/Desktop/exp-1-ros) by extensions ['colcon_pkg']
[0.123s] Level 1:colcon.colcon_core.package_identification:_identify(/home/remin/Desktop/exp-1-ros) by extension 'colcon_pkg'
[0.123s] Level 1:colcon.colcon_core.package_identification:_identify(/home/remin/Desktop/exp-1-ros) by extensions ['colcon_meta']
[0.123s] Level 1:colcon.colcon_core.package_identification:_identify(/home/remin/Desktop/exp-1-ros) by extension 'colcon_meta'
[0.123s] Level 1:colcon.colcon_core.package_identification:_identify(/home/remin/Desktop/exp-1-ros) by extensions ['ros']
[0.123s] Level 1:colcon.colcon_core.package_identification:_identify(/home/remin/Desktop/exp-1-ros) by extension 'ros'
[0.129s] Level 1:colcon.colcon_core.package_identification:_identify(/home/remin/Desktop/exp-1-ros) by extensions ['cmake', 'python']
[0.129s] Level 1:colcon.colcon_core.package_identification:_identify(/home/remin/Desktop/exp-1-ros) by extension 'cmake'
[0.129s] Level 1:colcon.colcon_core.package_identification:_identify(/home/remin/Desktop/exp-1-ros) by extension 'python'
[0.129s] Level 1:colcon.colcon_core.package_identification:_identify(/home/remin/Desktop/exp-1-ros) by extensions ['python_setup_py']
[0.129s] Level 1:colcon.colcon_core.package_identification:_identify(/home/remin/Desktop/exp-1-ros) by extension 'python_setup_py'
[0.129s] Level 1:colcon.colcon_core.package_identification:_identify(/home/remin/Desktop/exp-1-ros/build) by extensions ['ignore', 'ignore_ament_install']
[0.129s] Level 1:colcon.colcon_core.package_identification:_identify(/home/remin/Desktop/exp-1-ros/build) by extension 'ignore'
[0.129s] Level 1:colcon.colcon_core.package_identification:_identify(/home/remin/Desktop/exp-1-ros/build) ignored
[0.129s] Level 1:colcon.colcon_core.package_identification:_identify(/home/remin/Desktop/exp-1-ros/install) by extensions ['ignore', 'ignore_ament_install']
[0.129s] Level 1:colcon.colcon_core.package_identification:_identify(/home/remin/Desktop/exp-1-ros/install) by extension 'ignore'
[0.129s] Level 1:colcon.colcon_core.package_identification:_identify(/home/remin/Desktop/exp-1-ros/install) ignored
[0.129s] Level 1:colcon.colcon_core.package_identification:_identify(/home/remin/Desktop/exp-1-ros/log) by extensions ['ignore', 'ignore_ament_install']
[0.129s] Level 1:colcon.colcon_core.package_identification:_identify(/home/remin/Desktop/exp-1-ros/log) by extension 'ignore'
[0.129s] Level 1:colcon.colcon_core.package_identification:_identify(/home/remin/Desktop/exp-1-ros/log) ignored
[0.130s] Level 1:colcon.colcon_core.package_identification:_identify(/home/remin/Desktop/exp-1-ros/src) by extensions ['ignore', 'ignore_ament_install']
[0.130s] Level 1:colcon.colcon_core.package_identification:_identify(/home/remin/Desktop/exp-1-ros/src) by extension 'ignore'
[0.130s] Level 1:colcon.colcon_core.package_identification:_identify(/home/remin/Desktop/exp-1-ros/src) by extension 'ignore_ament_install'
[0.130s] Level 1:colcon.colcon_core.package_identification:_identify(/home/remin/Desktop/exp-1-ros/src) by extensions ['colcon_pkg']
[0.130s] Level 1:colcon.colcon_core.package_identification:_identify(/home/remin/Desktop/exp-1-ros/src) by extension 'colcon_pkg'
[0.130s] Level 1:colcon.colcon_core.package_identification:_identify(/home/remin/Desktop/exp-1-ros/src) by extensions ['colcon_meta']
[0.130s] Level 1:colcon.colcon_core.package_identification:_identify(/home/remin/Desktop/exp-1-ros/src) by extension 'colcon_meta'
[0.130s] Level 1:colcon.colcon_core.package_identification:_identify(/home/remin/Desktop/exp-1-ros/src) by extensions ['ros']
[0.130s] Level 1:colcon.colcon_core.package_identification:_identify(/home/remin/Desktop/exp-1-ros/src) by extension 'ros'
[0.130s] Level 1:colcon.colcon_core.package_identification:_identify(/home/remin/Desktop/exp-1-ros/src) by extensions ['cmake', 'python']
[0.130s] Level 1:colcon.colcon_core.package_identification:_identify(/home/remin/Desktop/exp-1-ros/src) by extension 'cmake'
[0.130s] Level 1:colcon.colcon_core.package_identification:_identify(/home/remin/Desktop/exp-1-ros/src) by extension 'python'
[0.130s] Level 1:colcon.colcon_core.package_identification:_identify(/home/remin/Desktop/exp-1-ros/src) by extensions ['python_setup_py']
[0.130s] Level 1:colcon.colcon_core.package_identification:_identify(/home/remin/Desktop/exp-1-ros/src) by extension 'python_setup_py'
[0.130s] Level 1:colcon.colcon_core.package_identification:_identify(/home/remin/Desktop/exp-1-ros/src/hello_world) by extensions ['ignore', 'ignore_ament_install']
[0.130s] Level 1:colcon.colcon_core.package_identification:_identify(/home/remin/Desktop/exp-1-ros/src/hello_world) by extension 'ignore'
[0.130s] Level 1:colcon.colcon_core.package_identification:_identify(/home/remin/Desktop/exp-1-ros/src/hello_world) by extension 'ignore_ament_install'
[0.130s] Level 1:colcon.colcon_core.package_identification:_identify(/home/remin/Desktop/exp-1-ros/src/hello_world) by extensions ['colcon_pkg']
[0.130s] Level 1:colcon.colcon_core.package_identification:_identify(/home/remin/Desktop/exp-1-ros/src/hello_world) by extension 'colcon_pkg'
[0.130s] Level 1:colcon.colcon_core.package_identification:_identify(/home/remin/Desktop/exp-1-ros/src/hello_world) by extensions ['colcon_meta']
[0.130s] Level 1:colcon.colcon_core.package_identification:_identify(/home/remin/Desktop/exp-1-ros/src/hello_world) by extension 'colcon_meta'
[0.130s] Level 1:colcon.colcon_core.package_identification:_identify(/home/remin/Desktop/exp-1-ros/src/hello_world) by extensions ['ros']
[0.130s] Level 1:colcon.colcon_core.package_identification:_identify(/home/remin/Desktop/exp-1-ros/src/hello_world) by extension 'ros'
[0.131s] DEBUG:colcon.colcon_core.package_identification:Package '/home/remin/Desktop/exp-1-ros/src/hello_world' with type 'ros.ament_python' and name 'hello_world'
[0.131s] Level 1:colcon.colcon_core.package_discovery:discover_packages(recursive) using defaults
