running egg_info
creating ../build/hello_world/hello_world.egg-info
writing ../build/hello_world/hello_world.egg-info/PKG-INFO
writing dependency_links to ../build/hello_world/hello_world.egg-info/dependency_links.txt
writing entry points to ../build/hello_world/hello_world.egg-info/entry_points.txt
writing requirements to ../build/hello_world/hello_world.egg-info/requires.txt
writing top-level names to ../build/hello_world/hello_world.egg-info/top_level.txt
writing manifest file '../build/hello_world/hello_world.egg-info/SOURCES.txt'
reading manifest file '../build/hello_world/hello_world.egg-info/SOURCES.txt'
writing manifest file '../build/hello_world/hello_world.egg-info/SOURCES.txt'
running build
running build_py
creating /home/remin/Desktop/exp-5-ros/src/build/hello_world/build
creating /home/remin/Desktop/exp-5-ros/src/build/hello_world/build/lib
creating /home/remin/Desktop/exp-5-ros/src/build/hello_world/build/lib/hello_world
copying hello_world/bye_recivevouwals.py -> /home/remin/Desktop/exp-5-ros/src/build/hello_world/build/lib/hello_world
copying hello_world/bye_world.py -> /home/remin/Desktop/exp-5-ros/src/build/hello_world/build/lib/hello_world
copying hello_world/__init__.py -> /home/remin/Desktop/exp-5-ros/src/build/hello_world/build/lib/hello_world
copying hello_world/bye_worldrecive.py -> /home/remin/Desktop/exp-5-ros/src/build/hello_world/build/lib/hello_world
copying hello_world/hello_world.py -> /home/remin/Desktop/exp-5-ros/src/build/hello_world/build/lib/hello_world
running install
running install_lib
creating /home/remin/Desktop/exp-5-ros/src/install/hello_world/lib/python3.10/site-packages/hello_world
copying /home/remin/Desktop/exp-5-ros/src/build/hello_world/build/lib/hello_world/bye_recivevouwals.py -> /home/remin/Desktop/exp-5-ros/src/install/hello_world/lib/python3.10/site-packages/hello_world
copying /home/remin/Desktop/exp-5-ros/src/build/hello_world/build/lib/hello_world/bye_world.py -> /home/remin/Desktop/exp-5-ros/src/install/hello_world/lib/python3.10/site-packages/hello_world
copying /home/remin/Desktop/exp-5-ros/src/build/hello_world/build/lib/hello_world/__init__.py -> /home/remin/Desktop/exp-5-ros/src/install/hello_world/lib/python3.10/site-packages/hello_world
copying /home/remin/Desktop/exp-5-ros/src/build/hello_world/build/lib/hello_world/bye_worldrecive.py -> /home/remin/Desktop/exp-5-ros/src/install/hello_world/lib/python3.10/site-packages/hello_world
copying /home/remin/Desktop/exp-5-ros/src/build/hello_world/build/lib/hello_world/hello_world.py -> /home/remin/Desktop/exp-5-ros/src/install/hello_world/lib/python3.10/site-packages/hello_world
byte-compiling /home/remin/Desktop/exp-5-ros/src/install/hello_world/lib/python3.10/site-packages/hello_world/bye_recivevouwals.py to bye_recivevouwals.cpython-310.pyc
byte-compiling /home/remin/Desktop/exp-5-ros/src/install/hello_world/lib/python3.10/site-packages/hello_world/bye_world.py to bye_world.cpython-310.pyc
byte-compiling /home/remin/Desktop/exp-5-ros/src/install/hello_world/lib/python3.10/site-packages/hello_world/__init__.py to __init__.cpython-310.pyc
byte-compiling /home/remin/Desktop/exp-5-ros/src/install/hello_world/lib/python3.10/site-packages/hello_world/bye_worldrecive.py to bye_worldrecive.cpython-310.pyc
byte-compiling /home/remin/Desktop/exp-5-ros/src/install/hello_world/lib/python3.10/site-packages/hello_world/hello_world.py to hello_world.cpython-310.pyc
running install_data
creating /home/remin/Desktop/exp-5-ros/src/install/hello_world/share/ament_index
creating /home/remin/Desktop/exp-5-ros/src/install/hello_world/share/ament_index/resource_index
creating /home/remin/Desktop/exp-5-ros/src/install/hello_world/share/ament_index/resource_index/packages
copying resource/hello_world -> /home/remin/Desktop/exp-5-ros/src/install/hello_world/share/ament_index/resource_index/packages
copying package.xml -> /home/remin/Desktop/exp-5-ros/src/install/hello_world/share/hello_world
running install_egg_info
Copying ../build/hello_world/hello_world.egg-info to /home/remin/Desktop/exp-5-ros/src/install/hello_world/lib/python3.10/site-packages/hello_world-0.0.0-py3.10.egg-info
running install_scripts
Installing bye_vouwals script to /home/remin/Desktop/exp-5-ros/src/install/hello_world/lib/hello_world
Installing bye_world script to /home/remin/Desktop/exp-5-ros/src/install/hello_world/lib/hello_world
Installing bye_worldrecive script to /home/remin/Desktop/exp-5-ros/src/install/hello_world/lib/hello_world
Installing hello_world script to /home/remin/Desktop/exp-5-ros/src/install/hello_world/lib/hello_world
writing list of installed files to '/home/remin/Desktop/exp-5-ros/src/build/hello_world/install.log'
