[0.939s] Invoking command in '/home/remin/Desktop/exp-5-ros/src/hello_world': PYTHONPATH=/home/remin/Desktop/exp-5-ros/src/build/hello_world/prefix_override:/usr/lib/python3/dist-packages/colcon_core/task/python/colcon_distutils_commands:/home/remin/Desktop/exp-5-ros/src/install/hello_world/lib/python3.10/site-packages:${PYTHONPATH} /usr/bin/python3 -W ignore:setup.py install is deprecated -W ignore:easy_install command is deprecated setup.py egg_info --egg-base ../build/hello_world build --build-base /home/remin/Desktop/exp-5-ros/src/build/hello_world/build install --record /home/remin/Desktop/exp-5-ros/src/build/hello_world/install.log --single-version-externally-managed install_data
[1.052s] running egg_info
[1.053s] creating ../build/hello_world/hello_world.egg-info
[1.053s] writing ../build/hello_world/hello_world.egg-info/PKG-INFO
[1.053s] writing dependency_links to ../build/hello_world/hello_world.egg-info/dependency_links.txt
[1.053s] writing entry points to ../build/hello_world/hello_world.egg-info/entry_points.txt
[1.053s] writing requirements to ../build/hello_world/hello_world.egg-info/requires.txt
[1.053s] writing top-level names to ../build/hello_world/hello_world.egg-info/top_level.txt
[1.053s] writing manifest file '../build/hello_world/hello_world.egg-info/SOURCES.txt'
[1.054s] reading manifest file '../build/hello_world/hello_world.egg-info/SOURCES.txt'
[1.055s] writing manifest file '../build/hello_world/hello_world.egg-info/SOURCES.txt'
[1.055s] running build
[1.055s] running build_py
[1.055s] creating /home/remin/Desktop/exp-5-ros/src/build/hello_world/build
[1.055s] creating /home/remin/Desktop/exp-5-ros/src/build/hello_world/build/lib
[1.055s] creating /home/remin/Desktop/exp-5-ros/src/build/hello_world/build/lib/hello_world
[1.055s] copying hello_world/bye_recivevouwals.py -> /home/remin/Desktop/exp-5-ros/src/build/hello_world/build/lib/hello_world
[1.055s] copying hello_world/bye_world.py -> /home/remin/Desktop/exp-5-ros/src/build/hello_world/build/lib/hello_world
[1.055s] copying hello_world/__init__.py -> /home/remin/Desktop/exp-5-ros/src/build/hello_world/build/lib/hello_world
[1.055s] copying hello_world/bye_worldrecive.py -> /home/remin/Desktop/exp-5-ros/src/build/hello_world/build/lib/hello_world
[1.055s] copying hello_world/hello_world.py -> /home/remin/Desktop/exp-5-ros/src/build/hello_world/build/lib/hello_world
[1.055s] running install
[1.055s] running install_lib
[1.056s] creating /home/remin/Desktop/exp-5-ros/src/install/hello_world/lib/python3.10/site-packages/hello_world
[1.056s] copying /home/remin/Desktop/exp-5-ros/src/build/hello_world/build/lib/hello_world/bye_recivevouwals.py -> /home/remin/Desktop/exp-5-ros/src/install/hello_world/lib/python3.10/site-packages/hello_world
[1.056s] copying /home/remin/Desktop/exp-5-ros/src/build/hello_world/build/lib/hello_world/bye_world.py -> /home/remin/Desktop/exp-5-ros/src/install/hello_world/lib/python3.10/site-packages/hello_world
[1.056s] copying /home/remin/Desktop/exp-5-ros/src/build/hello_world/build/lib/hello_world/__init__.py -> /home/remin/Desktop/exp-5-ros/src/install/hello_world/lib/python3.10/site-packages/hello_world
[1.056s] copying /home/remin/Desktop/exp-5-ros/src/build/hello_world/build/lib/hello_world/bye_worldrecive.py -> /home/remin/Desktop/exp-5-ros/src/install/hello_world/lib/python3.10/site-packages/hello_world
[1.056s] copying /home/remin/Desktop/exp-5-ros/src/build/hello_world/build/lib/hello_world/hello_world.py -> /home/remin/Desktop/exp-5-ros/src/install/hello_world/lib/python3.10/site-packages/hello_world
[1.056s] byte-compiling /home/remin/Desktop/exp-5-ros/src/install/hello_world/lib/python3.10/site-packages/hello_world/bye_recivevouwals.py to bye_recivevouwals.cpython-310.pyc
[1.056s] byte-compiling /home/remin/Desktop/exp-5-ros/src/install/hello_world/lib/python3.10/site-packages/hello_world/bye_world.py to bye_world.cpython-310.pyc
[1.056s] byte-compiling /home/remin/Desktop/exp-5-ros/src/install/hello_world/lib/python3.10/site-packages/hello_world/__init__.py to __init__.cpython-310.pyc
[1.056s] byte-compiling /home/remin/Desktop/exp-5-ros/src/install/hello_world/lib/python3.10/site-packages/hello_world/bye_worldrecive.py to bye_worldrecive.cpython-310.pyc
[1.056s] byte-compiling /home/remin/Desktop/exp-5-ros/src/install/hello_world/lib/python3.10/site-packages/hello_world/hello_world.py to hello_world.cpython-310.pyc
[1.057s] running install_data
[1.057s] creating /home/remin/Desktop/exp-5-ros/src/install/hello_world/share/ament_index
[1.057s] creating /home/remin/Desktop/exp-5-ros/src/install/hello_world/share/ament_index/resource_index
[1.057s] creating /home/remin/Desktop/exp-5-ros/src/install/hello_world/share/ament_index/resource_index/packages
[1.057s] copying resource/hello_world -> /home/remin/Desktop/exp-5-ros/src/install/hello_world/share/ament_index/resource_index/packages
[1.057s] copying package.xml -> /home/remin/Desktop/exp-5-ros/src/install/hello_world/share/hello_world
[1.057s] running install_egg_info
[1.058s] Copying ../build/hello_world/hello_world.egg-info to /home/remin/Desktop/exp-5-ros/src/install/hello_world/lib/python3.10/site-packages/hello_world-0.0.0-py3.10.egg-info
[1.058s] running install_scripts
[1.069s] Installing bye_vouwals script to /home/remin/Desktop/exp-5-ros/src/install/hello_world/lib/hello_world
[1.069s] Installing bye_world script to /home/remin/Desktop/exp-5-ros/src/install/hello_world/lib/hello_world
[1.069s] Installing bye_worldrecive script to /home/remin/Desktop/exp-5-ros/src/install/hello_world/lib/hello_world
[1.069s] Installing hello_world script to /home/remin/Desktop/exp-5-ros/src/install/hello_world/lib/hello_world
[1.069s] writing list of installed files to '/home/remin/Desktop/exp-5-ros/src/build/hello_world/install.log'
[1.079s] Invoked command in '/home/remin/Desktop/exp-5-ros/src/hello_world' returned '0': PYTHONPATH=/home/remin/Desktop/exp-5-ros/src/build/hello_world/prefix_override:/usr/lib/python3/dist-packages/colcon_core/task/python/colcon_distutils_commands:/home/remin/Desktop/exp-5-ros/src/install/hello_world/lib/python3.10/site-packages:${PYTHONPATH} /usr/bin/python3 -W ignore:setup.py install is deprecated -W ignore:easy_install command is deprecated setup.py egg_info --egg-base ../build/hello_world build --build-base /home/remin/Desktop/exp-5-ros/src/build/hello_world/build install --record /home/remin/Desktop/exp-5-ros/src/build/hello_world/install.log --single-version-externally-managed install_data
