[0.435s] Invoking command in '/home/remin/Desktop/exp-1-ros/src/hello_world': PYTHONPATH=/home/remin/Desktop/exp-1-ros/build/hello_world/prefix_override:/usr/lib/python3/dist-packages/colcon_core/task/python/colcon_distutils_commands:/home/remin/Desktop/exp-1-ros/install/hello_world/lib/python3.10/site-packages:${PYTHONPATH} /usr/bin/python3 -W ignore:setup.py install is deprecated -W ignore:easy_install command is deprecated setup.py egg_info --egg-base ../../build/hello_world build --build-base /home/remin/Desktop/exp-1-ros/build/hello_world/build install --record /home/remin/Desktop/exp-1-ros/build/hello_world/install.log --single-version-externally-managed install_data
[0.542s] running egg_info
[0.542s] writing ../../build/hello_world/hello_world.egg-info/PKG-INFO
[0.586s] writing dependency_links to ../../build/hello_world/hello_world.egg-info/dependency_links.txt
[1.083s] writing entry points to ../../build/hello_world/hello_world.egg-info/entry_points.txt
[1.085s] writing requirements to ../../build/hello_world/hello_world.egg-info/requires.txt
[1.089s] writing top-level names to ../../build/hello_world/hello_world.egg-info/top_level.txt
[1.097s] reading manifest file '../../build/hello_world/hello_world.egg-info/SOURCES.txt'
[1.182s] writing manifest file '../../build/hello_world/hello_world.egg-info/SOURCES.txt'
[1.188s] running build
[1.189s] running build_py
[1.189s] running install
[1.190s] running install_lib
[1.191s] running install_data
[1.191s] running install_egg_info
[1.194s] removing '/home/remin/Desktop/exp-1-ros/install/hello_world/lib/python3.10/site-packages/hello_world-0.0.0-py3.10.egg-info' (and everything under it)
[1.194s] Copying ../../build/hello_world/hello_world.egg-info to /home/remin/Desktop/exp-1-ros/install/hello_world/lib/python3.10/site-packages/hello_world-0.0.0-py3.10.egg-info
[1.195s] running install_scripts
[1.211s] Installing hello_world script to /home/remin/Desktop/exp-1-ros/install/hello_world/lib/hello_world
[1.212s] writing list of installed files to '/home/remin/Desktop/exp-1-ros/build/hello_world/install.log'
[1.224s] Invoked command in '/home/remin/Desktop/exp-1-ros/src/hello_world' returned '0': PYTHONPATH=/home/remin/Desktop/exp-1-ros/build/hello_world/prefix_override:/usr/lib/python3/dist-packages/colcon_core/task/python/colcon_distutils_commands:/home/remin/Desktop/exp-1-ros/install/hello_world/lib/python3.10/site-packages:${PYTHONPATH} /usr/bin/python3 -W ignore:setup.py install is deprecated -W ignore:easy_install command is deprecated setup.py egg_info --egg-base ../../build/hello_world build --build-base /home/remin/Desktop/exp-1-ros/build/hello_world/build install --record /home/remin/Desktop/exp-1-ros/build/hello_world/install.log --single-version-externally-managed install_data
