[0.696s] Invoking command in '/home/remin/Desktop/exp-2-ros/src/timerfr': PYTHONPATH=/home/remin/Desktop/exp-2-ros/build/timerfr/prefix_override:/usr/lib/python3/dist-packages/colcon_core/task/python/colcon_distutils_commands:/home/remin/Desktop/exp-2-ros/install/timerfr/lib/python3.10/site-packages:${PYTHONPATH} /usr/bin/python3 -W ignore:setup.py install is deprecated -W ignore:easy_install command is deprecated setup.py egg_info --egg-base ../../build/timerfr build --build-base /home/remin/Desktop/exp-2-ros/build/timerfr/build install --record /home/remin/Desktop/exp-2-ros/build/timerfr/install.log --single-version-externally-managed install_data
[0.802s] running egg_info
[0.802s] writing ../../build/timerfr/timerfr.egg-info/PKG-INFO
[0.805s] writing dependency_links to ../../build/timerfr/timerfr.egg-info/dependency_links.txt
[0.827s] writing entry points to ../../build/timerfr/timerfr.egg-info/entry_points.txt
[0.827s] writing requirements to ../../build/timerfr/timerfr.egg-info/requires.txt
[0.887s] writing top-level names to ../../build/timerfr/timerfr.egg-info/top_level.txt
[0.891s] reading manifest file '../../build/timerfr/timerfr.egg-info/SOURCES.txt'
[0.975s] writing manifest file '../../build/timerfr/timerfr.egg-info/SOURCES.txt'
[1.011s] running build
[1.011s] running build_py
[1.012s] copying timerfr/timer.py -> /home/remin/Desktop/exp-2-ros/build/timerfr/build/lib/timerfr
[1.012s] running install
[1.013s] running install_lib
[1.014s] copying /home/remin/Desktop/exp-2-ros/build/timerfr/build/lib/timerfr/timer.py -> /home/remin/Desktop/exp-2-ros/install/timerfr/lib/python3.10/site-packages/timerfr
[1.015s] byte-compiling /home/remin/Desktop/exp-2-ros/install/timerfr/lib/python3.10/site-packages/timerfr/timer.py to timer.cpython-310.pyc
[1.087s] running install_data
[1.088s] running install_egg_info
[1.091s] removing '/home/remin/Desktop/exp-2-ros/install/timerfr/lib/python3.10/site-packages/timerfr-0.0.0-py3.10.egg-info' (and everything under it)
[1.092s] Copying ../../build/timerfr/timerfr.egg-info to /home/remin/Desktop/exp-2-ros/install/timerfr/lib/python3.10/site-packages/timerfr-0.0.0-py3.10.egg-info
[1.093s] running install_scripts
[1.104s] Installing tim script to /home/remin/Desktop/exp-2-ros/install/timerfr/lib/timerfr
[1.117s] writing list of installed files to '/home/remin/Desktop/exp-2-ros/build/timerfr/install.log'
[1.266s] Invoked command in '/home/remin/Desktop/exp-2-ros/src/timerfr' returned '0': PYTHONPATH=/home/remin/Desktop/exp-2-ros/build/timerfr/prefix_override:/usr/lib/python3/dist-packages/colcon_core/task/python/colcon_distutils_commands:/home/remin/Desktop/exp-2-ros/install/timerfr/lib/python3.10/site-packages:${PYTHONPATH} /usr/bin/python3 -W ignore:setup.py install is deprecated -W ignore:easy_install command is deprecated setup.py egg_info --egg-base ../../build/timerfr build --build-base /home/remin/Desktop/exp-2-ros/build/timerfr/build install --record /home/remin/Desktop/exp-2-ros/build/timerfr/install.log --single-version-externally-managed install_data
