[0.834s] Invoking command in '/home/remin/Desktop/exp-2-ros/src/timerfr': PYTHONPATH=/home/remin/Desktop/exp-2-ros/build/timerfr/prefix_override:/usr/lib/python3/dist-packages/colcon_core/task/python/colcon_distutils_commands:/home/remin/Desktop/exp-2-ros/install/timerfr/lib/python3.10/site-packages:${PYTHONPATH} /usr/bin/python3 -W ignore:setup.py install is deprecated -W ignore:easy_install command is deprecated setup.py egg_info --egg-base ../../build/timerfr build --build-base /home/remin/Desktop/exp-2-ros/build/timerfr/build install --record /home/remin/Desktop/exp-2-ros/build/timerfr/install.log --single-version-externally-managed install_data
[0.946s] running egg_info
[0.946s] writing ../../build/timerfr/timerfr.egg-info/PKG-INFO
[0.965s] writing dependency_links to ../../build/timerfr/timerfr.egg-info/dependency_links.txt
[0.966s] writing entry points to ../../build/timerfr/timerfr.egg-info/entry_points.txt
[1.223s] writing requirements to ../../build/timerfr/timerfr.egg-info/requires.txt
[1.297s] writing top-level names to ../../build/timerfr/timerfr.egg-info/top_level.txt
[1.305s] reading manifest file '../../build/timerfr/timerfr.egg-info/SOURCES.txt'
[1.383s] writing manifest file '../../build/timerfr/timerfr.egg-info/SOURCES.txt'
[1.405s] running build
[1.405s] running build_py
[1.406s] copying timerfr/timer.py -> /home/remin/Desktop/exp-2-ros/build/timerfr/build/lib/timerfr
[1.406s] running install
[1.407s] running install_lib
[1.407s] copying /home/remin/Desktop/exp-2-ros/build/timerfr/build/lib/timerfr/timer.py -> /home/remin/Desktop/exp-2-ros/install/timerfr/lib/python3.10/site-packages/timerfr
[1.408s] byte-compiling /home/remin/Desktop/exp-2-ros/install/timerfr/lib/python3.10/site-packages/timerfr/timer.py to timer.cpython-310.pyc
[1.444s] running install_data
[1.444s] running install_egg_info
[1.447s] removing '/home/remin/Desktop/exp-2-ros/install/timerfr/lib/python3.10/site-packages/timerfr-0.0.0-py3.10.egg-info' (and everything under it)
[1.448s] Copying ../../build/timerfr/timerfr.egg-info to /home/remin/Desktop/exp-2-ros/install/timerfr/lib/python3.10/site-packages/timerfr-0.0.0-py3.10.egg-info
[1.449s] running install_scripts
[1.470s] Installing tim script to /home/remin/Desktop/exp-2-ros/install/timerfr/lib/timerfr
[1.545s] writing list of installed files to '/home/remin/Desktop/exp-2-ros/build/timerfr/install.log'
[1.600s] Invoked command in '/home/remin/Desktop/exp-2-ros/src/timerfr' returned '0': PYTHONPATH=/home/remin/Desktop/exp-2-ros/build/timerfr/prefix_override:/usr/lib/python3/dist-packages/colcon_core/task/python/colcon_distutils_commands:/home/remin/Desktop/exp-2-ros/install/timerfr/lib/python3.10/site-packages:${PYTHONPATH} /usr/bin/python3 -W ignore:setup.py install is deprecated -W ignore:easy_install command is deprecated setup.py egg_info --egg-base ../../build/timerfr build --build-base /home/remin/Desktop/exp-2-ros/build/timerfr/build install --record /home/remin/Desktop/exp-2-ros/build/timerfr/install.log --single-version-externally-managed install_data
