[0.926s] Invoking command in '/home/remin/Desktop/exp-2-ros/src/timerfr': PYTHONPATH=/home/remin/Desktop/exp-2-ros/build/timerfr/prefix_override:/usr/lib/python3/dist-packages/colcon_core/task/python/colcon_distutils_commands:/home/remin/Desktop/exp-2-ros/install/timerfr/lib/python3.10/site-packages:${PYTHONPATH} /usr/bin/python3 -W ignore:setup.py install is deprecated -W ignore:easy_install command is deprecated setup.py egg_info --egg-base ../../build/timerfr build --build-base /home/remin/Desktop/exp-2-ros/build/timerfr/build install --record /home/remin/Desktop/exp-2-ros/build/timerfr/install.log --single-version-externally-managed install_data
[1.038s] running egg_info
[1.038s] writing ../../build/timerfr/timerfr.egg-info/PKG-INFO
[1.056s] writing dependency_links to ../../build/timerfr/timerfr.egg-info/dependency_links.txt
[1.127s] writing entry points to ../../build/timerfr/timerfr.egg-info/entry_points.txt
[1.201s] writing requirements to ../../build/timerfr/timerfr.egg-info/requires.txt
[1.202s] writing top-level names to ../../build/timerfr/timerfr.egg-info/top_level.txt
[1.262s] reading manifest file '../../build/timerfr/timerfr.egg-info/SOURCES.txt'
[1.348s] writing manifest file '../../build/timerfr/timerfr.egg-info/SOURCES.txt'
[1.423s] running build
[1.424s] running build_py
[1.424s] running install
[1.425s] running install_lib
[1.427s] running install_data
[1.427s] running install_egg_info
[1.429s] removing '/home/remin/Desktop/exp-2-ros/install/timerfr/lib/python3.10/site-packages/timerfr-0.0.0-py3.10.egg-info' (and everything under it)
[1.430s] Copying ../../build/timerfr/timerfr.egg-info to /home/remin/Desktop/exp-2-ros/install/timerfr/lib/python3.10/site-packages/timerfr-0.0.0-py3.10.egg-info
[1.430s] running install_scripts
[1.441s] Installing timerfr script to /home/remin/Desktop/exp-2-ros/install/timerfr/lib/timerfr
[1.473s] writing list of installed files to '/home/remin/Desktop/exp-2-ros/build/timerfr/install.log'
[1.559s] Invoked command in '/home/remin/Desktop/exp-2-ros/src/timerfr' returned '0': PYTHONPATH=/home/remin/Desktop/exp-2-ros/build/timerfr/prefix_override:/usr/lib/python3/dist-packages/colcon_core/task/python/colcon_distutils_commands:/home/remin/Desktop/exp-2-ros/install/timerfr/lib/python3.10/site-packages:${PYTHONPATH} /usr/bin/python3 -W ignore:setup.py install is deprecated -W ignore:easy_install command is deprecated setup.py egg_info --egg-base ../../build/timerfr build --build-base /home/remin/Desktop/exp-2-ros/build/timerfr/build install --record /home/remin/Desktop/exp-2-ros/build/timerfr/install.log --single-version-externally-managed install_data
