[0.731s] Invoking command in '/home/remin/Desktop/exp-5-ros/src/hello_world': PYTHONPATH=/home/remin/Desktop/exp-5-ros/build/hello_world/prefix_override:/usr/lib/python3/dist-packages/colcon_core/task/python/colcon_distutils_commands:/home/remin/Desktop/exp-5-ros/install/hello_world/lib/python3.10/site-packages:${PYTHONPATH} /usr/bin/python3 -W ignore:setup.py install is deprecated -W ignore:easy_install command is deprecated setup.py egg_info --egg-base ../../build/hello_world build --build-base /home/remin/Desktop/exp-5-ros/build/hello_world/build install --record /home/remin/Desktop/exp-5-ros/build/hello_world/install.log --single-version-externally-managed install_data
[0.837s] running egg_info
[0.837s] writing ../../build/hello_world/hello_world.egg-info/PKG-INFO
[0.839s] writing dependency_links to ../../build/hello_world/hello_world.egg-info/dependency_links.txt
[0.839s] writing entry points to ../../build/hello_world/hello_world.egg-info/entry_points.txt
[0.841s] writing requirements to ../../build/hello_world/hello_world.egg-info/requires.txt
[0.841s] writing top-level names to ../../build/hello_world/hello_world.egg-info/top_level.txt
[0.845s] reading manifest file '../../build/hello_world/hello_world.egg-info/SOURCES.txt'
[0.998s] writing manifest file '../../build/hello_world/hello_world.egg-info/SOURCES.txt'
[1.115s] running build
[1.115s] running build_py
[1.116s] running install
[1.117s] running install_lib
[1.119s] running install_data
[1.119s] running install_egg_info
[1.121s] removing '/home/remin/Desktop/exp-5-ros/install/hello_world/lib/python3.10/site-packages/hello_world-0.0.0-py3.10.egg-info' (and everything under it)
[1.122s] Copying ../../build/hello_world/hello_world.egg-info to /home/remin/Desktop/exp-5-ros/install/hello_world/lib/python3.10/site-packages/hello_world-0.0.0-py3.10.egg-info
[1.122s] running install_scripts
[1.133s] Installing bye_vouwals script to /home/remin/Desktop/exp-5-ros/install/hello_world/lib/hello_world
[1.395s] Installing bye_world script to /home/remin/Desktop/exp-5-ros/install/hello_world/lib/hello_world
[1.834s] Installing bye_worldrecive script to /home/remin/Desktop/exp-5-ros/install/hello_world/lib/hello_world
[1.847s] Installing hello_world script to /home/remin/Desktop/exp-5-ros/install/hello_world/lib/hello_world
[1.861s] writing list of installed files to '/home/remin/Desktop/exp-5-ros/build/hello_world/install.log'
[1.885s] Invoked command in '/home/remin/Desktop/exp-5-ros/src/hello_world' returned '0': PYTHONPATH=/home/remin/Desktop/exp-5-ros/build/hello_world/prefix_override:/usr/lib/python3/dist-packages/colcon_core/task/python/colcon_distutils_commands:/home/remin/Desktop/exp-5-ros/install/hello_world/lib/python3.10/site-packages:${PYTHONPATH} /usr/bin/python3 -W ignore:setup.py install is deprecated -W ignore:easy_install command is deprecated setup.py egg_info --egg-base ../../build/hello_world build --build-base /home/remin/Desktop/exp-5-ros/build/hello_world/build install --record /home/remin/Desktop/exp-5-ros/build/hello_world/install.log --single-version-externally-managed install_data
