[0.789s] DEBUG:colcon:Command line arguments: ['/usr/bin/colcon', 'build']
[0.789s] DEBUG:colcon:Parsed command line arguments: Namespace(log_base=None, log_level=None, verb_name='build', build_base='build', install_base='install', merge_install=False, symlink_install=False, test_result_base=None, continue_on_error=False, executor='parallel', parallel_workers=20, event_handlers=None, ignore_user_meta=False, metas=['./colcon.meta'], base_paths=['.'], packages_ignore=None, packages_ignore_regex=None, paths=None, packages_up_to=None, packages_up_to_regex=None, packages_above=None, packages_above_and_dependencies=None, packages_above_depth=None, packages_select_by_dep=None, packages_skip_by_dep=None, packages_skip_up_to=None, packages_select_build_failed=False, packages_skip_build_finished=False, packages_select_test_failures=False, packages_skip_test_passed=False, packages_select=None, packages_skip=None, packages_select_regex=None, packages_skip_regex=None, packages_start=None, packages_end=None, allow_overriding=[], cmake_args=None, cmake_target=None, cmake_target_skip_unavailable=False, cmake_clean_cache=False, cmake_clean_first=False, cmake_force_configure=False, ament_cmake_args=None, catkin_cmake_args=None, catkin_skip_building_tests=False, verb_parser=<colcon_defaults.argument_parser.defaults.DefaultArgumentsDecorator object at 0x74dae1e2f820>, verb_extension=<colcon_core.verb.build.BuildVerb object at 0x74dae1e2ee90>, main=<bound method BuildVerb.main of <colcon_core.verb.build.BuildVerb object at 0x74dae1e2ee90>>)
[4.892s] Level 1:colcon.colcon_core.package_discovery:discover_packages(colcon_meta) check parameters
[4.893s] Level 1:colcon.colcon_core.package_discovery:discover_packages(recursive) check parameters
[4.893s] Level 1:colcon.colcon_core.package_discovery:discover_packages(ignore) check parameters
[4.893s] Level 1:colcon.colcon_core.package_discovery:discover_packages(path) check parameters
[4.893s] Level 1:colcon.colcon_core.package_discovery:discover_packages(colcon_meta) discover
[4.893s] Level 1:colcon.colcon_core.package_discovery:discover_packages(recursive) discover
[4.893s] INFO:colcon.colcon_core.package_discovery:Crawling recursively for packages in '/home/remin/Desktop/exp-5-ros'
[4.893s] Level 1:colcon.colcon_core.package_identification:_identify(.) by extensions ['ignore', 'ignore_ament_install']
[4.893s] Level 1:colcon.colcon_core.package_identification:_identify(.) by extension 'ignore'
[4.894s] Level 1:colcon.colcon_core.package_identification:_identify(.) by extension 'ignore_ament_install'
[4.894s] Level 1:colcon.colcon_core.package_identification:_identify(.) by extensions ['colcon_pkg']
[4.894s] Level 1:colcon.colcon_core.package_identification:_identify(.) by extension 'colcon_pkg'
[4.894s] Level 1:colcon.colcon_core.package_identification:_identify(.) by extensions ['colcon_meta']
[4.894s] Level 1:colcon.colcon_core.package_identification:_identify(.) by extension 'colcon_meta'
[4.894s] Level 1:colcon.colcon_core.package_identification:_identify(.) by extensions ['ros']
[4.894s] Level 1:colcon.colcon_core.package_identification:_identify(.) by extension 'ros'
[4.909s] Level 1:colcon.colcon_core.package_identification:_identify(.) by extensions ['cmake', 'python']
[4.909s] Level 1:colcon.colcon_core.package_identification:_identify(.) by extension 'cmake'
[4.909s] Level 1:colcon.colcon_core.package_identification:_identify(.) by extension 'python'
[4.909s] Level 1:colcon.colcon_core.package_identification:_identify(.) by extensions ['python_setup_py']
[4.909s] Level 1:colcon.colcon_core.package_identification:_identify(.) by extension 'python_setup_py'
[4.909s] Level 1:colcon.colcon_core.package_identification:_identify(build) by extensions ['ignore', 'ignore_ament_install']
[4.909s] Level 1:colcon.colcon_core.package_identification:_identify(build) by extension 'ignore'
[4.909s] Level 1:colcon.colcon_core.package_identification:_identify(build) ignored
[4.909s] Level 1:colcon.colcon_core.package_identification:_identify(install) by extensions ['ignore', 'ignore_ament_install']
[4.909s] Level 1:colcon.colcon_core.package_identification:_identify(install) by extension 'ignore'
[4.910s] Level 1:colcon.colcon_core.package_identification:_identify(install) ignored
[4.910s] Level 1:colcon.colcon_core.package_identification:_identify(log) by extensions ['ignore', 'ignore_ament_install']
[4.910s] Level 1:colcon.colcon_core.package_identification:_identify(log) by extension 'ignore'
[4.910s] Level 1:colcon.colcon_core.package_identification:_identify(log) ignored
[4.910s] Level 1:colcon.colcon_core.package_identification:_identify(src) by extensions ['ignore', 'ignore_ament_install']
[4.910s] Level 1:colcon.colcon_core.package_identification:_identify(src) by extension 'ignore'
[4.910s] Level 1:colcon.colcon_core.package_identification:_identify(src) by extension 'ignore_ament_install'
[4.910s] Level 1:colcon.colcon_core.package_identification:_identify(src) by extensions ['colcon_pkg']
[4.910s] Level 1:colcon.colcon_core.package_identification:_identify(src) by extension 'colcon_pkg'
[4.910s] Level 1:colcon.colcon_core.package_identification:_identify(src) by extensions ['colcon_meta']
[4.910s] Level 1:colcon.colcon_core.package_identification:_identify(src) by extension 'colcon_meta'
[4.910s] Level 1:colcon.colcon_core.package_identification:_identify(src) by extensions ['ros']
[4.910s] Level 1:colcon.colcon_core.package_identification:_identify(src) by extension 'ros'
[4.910s] Level 1:colcon.colcon_core.package_identification:_identify(src) by extensions ['cmake', 'python']
[4.910s] Level 1:colcon.colcon_core.package_identification:_identify(src) by extension 'cmake'
[4.910s] Level 1:colcon.colcon_core.package_identification:_identify(src) by extension 'python'
[4.910s] Level 1:colcon.colcon_core.package_identification:_identify(src) by extensions ['python_setup_py']
[4.910s] Level 1:colcon.colcon_core.package_identification:_identify(src) by extension 'python_setup_py'
[4.910s] Level 1:colcon.colcon_core.package_identification:_identify(src/hello_world) by extensions ['ignore', 'ignore_ament_install']
[4.910s] Level 1:colcon.colcon_core.package_identification:_identify(src/hello_world) by extension 'ignore'
[4.910s] Level 1:colcon.colcon_core.package_identification:_identify(src/hello_world) by extension 'ignore_ament_install'
[4.910s] Level 1:colcon.colcon_core.package_identification:_identify(src/hello_world) by extensions ['colcon_pkg']
[4.910s] Level 1:colcon.colcon_core.package_identification:_identify(src/hello_world) by extension 'colcon_pkg'
[4.910s] Level 1:colcon.colcon_core.package_identification:_identify(src/hello_world) by extensions ['colcon_meta']
[4.910s] Level 1:colcon.colcon_core.package_identification:_identify(src/hello_world) by extension 'colcon_meta'
[4.910s] Level 1:colcon.colcon_core.package_identification:_identify(src/hello_world) by extensions ['ros']
[4.910s] Level 1:colcon.colcon_core.package_identification:_identify(src/hello_world) by extension 'ros'
[4.941s] DEBUG:colcon.colcon_core.package_identification:Package 'src/hello_world' with type 'ros.ament_python' and name 'hello_world'
[4.941s] Level 1:colcon.colcon_core.package_identification:_identify(src/install) by extensions ['ignore', 'ignore_ament_install']
[4.941s] Level 1:colcon.colcon_core.package_identification:_identify(src/install) by extension 'ignore'
[4.941s] Level 1:colcon.colcon_core.package_identification:_identify(src/install) ignored
[4.941s] Level 1:colcon.colcon_core.package_identification:_identify(src/log) by extensions ['ignore', 'ignore_ament_install']
[4.942s] Level 1:colcon.colcon_core.package_identification:_identify(src/log) by extension 'ignore'
[4.942s] Level 1:colcon.colcon_core.package_identification:_identify(src/log) ignored
[4.942s] Level 1:colcon.colcon_core.package_discovery:discover_packages(recursive) using defaults
[4.942s] Level 1:colcon.colcon_core.package_discovery:discover_packages(ignore) discover
[4.942s] Level 1:colcon.colcon_core.package_discovery:discover_packages(ignore) using defaults
[4.942s] Level 1:colcon.colcon_core.package_discovery:discover_packages(path) discover
[4.942s] Level 1:colcon.colcon_core.package_discovery:discover_packages(path) using defaults
[5.229s] Level 1:colcon.colcon_core.package_discovery:discover_packages(prefix_path) check parameters
[5.229s] Level 1:colcon.colcon_core.package_discovery:discover_packages(prefix_path) discover
[5.261s] DEBUG:colcon.colcon_installed_package_information.package_discovery:Found 1 installed packages in /home/remin/Desktop/exp-5-ros/install
[5.262s] DEBUG:colcon.colcon_installed_package_information.package_discovery:Found 1 installed packages in /home/remin/Desktop/exp-2-ros/install
[5.264s] DEBUG:colcon.colcon_installed_package_information.package_discovery:Found 271 installed packages in /opt/ros/humble
[5.268s] Level 1:colcon.colcon_core.package_discovery:discover_packages(prefix_path) using defaults
[5.312s] Level 5:colcon.colcon_core.verb:set package 'hello_world' build argument 'cmake_args' from command line to 'None'
[5.312s] Level 5:colcon.colcon_core.verb:set package 'hello_world' build argument 'cmake_target' from command line to 'None'
[5.312s] Level 5:colcon.colcon_core.verb:set package 'hello_world' build argument 'cmake_target_skip_unavailable' from command line to 'False'
[5.312s] Level 5:colcon.colcon_core.verb:set package 'hello_world' build argument 'cmake_clean_cache' from command line to 'False'
[5.312s] Level 5:colcon.colcon_core.verb:set package 'hello_world' build argument 'cmake_clean_first' from command line to 'False'
[5.312s] Level 5:colcon.colcon_core.verb:set package 'hello_world' build argument 'cmake_force_configure' from command line to 'False'
[5.312s] Level 5:colcon.colcon_core.verb:set package 'hello_world' build argument 'ament_cmake_args' from command line to 'None'
[5.312s] Level 5:colcon.colcon_core.verb:set package 'hello_world' build argument 'catkin_cmake_args' from command line to 'None'
[5.312s] Level 5:colcon.colcon_core.verb:set package 'hello_world' build argument 'catkin_skip_building_tests' from command line to 'False'
[5.312s] DEBUG:colcon.colcon_core.verb:Building package 'hello_world' with the following arguments: {'ament_cmake_args': None, 'build_base': '/home/remin/Desktop/exp-5-ros/build/hello_world', 'catkin_cmake_args': None, 'catkin_skip_building_tests': False, 'cmake_args': None, 'cmake_clean_cache': False, 'cmake_clean_first': False, 'cmake_force_configure': False, 'cmake_target': None, 'cmake_target_skip_unavailable': False, 'install_base': '/home/remin/Desktop/exp-5-ros/install/hello_world', 'merge_install': False, 'path': '/home/remin/Desktop/exp-5-ros/src/hello_world', 'symlink_install': False, 'test_result_base': None}
[5.312s] INFO:colcon.colcon_core.executor:Executing jobs using 'parallel' executor
[5.313s] DEBUG:colcon.colcon_parallel_executor.executor.parallel:run_until_complete
[5.313s] INFO:colcon.colcon_ros.task.ament_python.build:Building ROS package in '/home/remin/Desktop/exp-5-ros/src/hello_world' with build type 'ament_python'
[5.313s] Level 1:colcon.colcon_core.shell:create_environment_hook('hello_world', 'ament_prefix_path')
[5.353s] INFO:colcon.colcon_core.plugin_system:Skipping extension 'colcon_core.shell.bat': Not used on non-Windows systems
[5.354s] INFO:colcon.colcon_core.shell:Creating environment hook '/home/remin/Desktop/exp-5-ros/install/hello_world/share/hello_world/hook/ament_prefix_path.ps1'
[5.382s] INFO:colcon.colcon_core.shell:Creating environment descriptor '/home/remin/Desktop/exp-5-ros/install/hello_world/share/hello_world/hook/ament_prefix_path.dsv'
[5.392s] INFO:colcon.colcon_core.shell:Creating environment hook '/home/remin/Desktop/exp-5-ros/install/hello_world/share/hello_world/hook/ament_prefix_path.sh'
[5.394s] INFO:colcon.colcon_core.shell:Skip shell extension 'powershell' for command environment: Not usable outside of PowerShell
[5.394s] DEBUG:colcon.colcon_core.shell:Skip shell extension 'dsv' for command environment
[5.560s] INFO:colcon.colcon_core.task.python.build:Building Python package in '/home/remin/Desktop/exp-5-ros/src/hello_world'
[5.560s] INFO:colcon.colcon_core.shell:Skip shell extension 'powershell' for command environment: Not usable outside of PowerShell
[5.560s] DEBUG:colcon.colcon_core.shell:Skip shell extension 'dsv' for command environment
[6.156s] DEBUG:colcon.colcon_core.event_handler.log_command:Invoking command in '/home/remin/Desktop/exp-5-ros/src/hello_world': PYTHONPATH=/home/remin/Desktop/exp-5-ros/build/hello_world/prefix_override:/usr/lib/python3/dist-packages/colcon_core/task/python/colcon_distutils_commands:/home/remin/Desktop/exp-5-ros/install/hello_world/lib/python3.10/site-packages:${PYTHONPATH} /usr/bin/python3 -W ignore:setup.py install is deprecated -W ignore:easy_install command is deprecated setup.py egg_info --egg-base ../../build/hello_world build --build-base /home/remin/Desktop/exp-5-ros/build/hello_world/build install --record /home/remin/Desktop/exp-5-ros/build/hello_world/install.log --single-version-externally-managed install_data
[6.350s] DEBUG:colcon.colcon_core.event_handler.log_command:Invoked command in '/home/remin/Desktop/exp-5-ros/src/hello_world' returned '0': PYTHONPATH=/home/remin/Desktop/exp-5-ros/build/hello_world/prefix_override:/usr/lib/python3/dist-packages/colcon_core/task/python/colcon_distutils_commands:/home/remin/Desktop/exp-5-ros/install/hello_world/lib/python3.10/site-packages:${PYTHONPATH} /usr/bin/python3 -W ignore:setup.py install is deprecated -W ignore:easy_install command is deprecated setup.py egg_info --egg-base ../../build/hello_world build --build-base /home/remin/Desktop/exp-5-ros/build/hello_world/build install --record /home/remin/Desktop/exp-5-ros/build/hello_world/install.log --single-version-externally-managed install_data
[6.451s] Level 1:colcon.colcon_core.environment:checking '/home/remin/Desktop/exp-5-ros/install/hello_world' for CMake module files
[6.452s] Level 1:colcon.colcon_core.environment:checking '/home/remin/Desktop/exp-5-ros/install/hello_world' for CMake config files
[6.453s] Level 1:colcon.colcon_core.environment:checking '/home/remin/Desktop/exp-5-ros/install/hello_world/lib'
[6.453s] Level 1:colcon.colcon_core.environment:checking '/home/remin/Desktop/exp-5-ros/install/hello_world/bin'
[6.453s] Level 1:colcon.colcon_core.environment:checking '/home/remin/Desktop/exp-5-ros/install/hello_world/lib/pkgconfig/hello_world.pc'
[6.453s] Level 1:colcon.colcon_core.environment:checking '/home/remin/Desktop/exp-5-ros/install/hello_world/lib/python3.10/site-packages'
[6.453s] Level 1:colcon.colcon_core.shell:create_environment_hook('hello_world', 'pythonpath')
[6.454s] INFO:colcon.colcon_core.shell:Creating environment hook '/home/remin/Desktop/exp-5-ros/install/hello_world/share/hello_world/hook/pythonpath.ps1'
[6.454s] INFO:colcon.colcon_core.shell:Creating environment descriptor '/home/remin/Desktop/exp-5-ros/install/hello_world/share/hello_world/hook/pythonpath.dsv'
[6.455s] INFO:colcon.colcon_core.shell:Creating environment hook '/home/remin/Desktop/exp-5-ros/install/hello_world/share/hello_world/hook/pythonpath.sh'
[6.455s] Level 1:colcon.colcon_core.environment:checking '/home/remin/Desktop/exp-5-ros/install/hello_world/bin'
[6.456s] Level 1:colcon.colcon_core.environment:create_environment_scripts_only(hello_world)
[6.456s] INFO:colcon.colcon_core.shell:Creating package script '/home/remin/Desktop/exp-5-ros/install/hello_world/share/hello_world/package.ps1'
[6.478s] INFO:colcon.colcon_core.shell:Creating package descriptor '/home/remin/Desktop/exp-5-ros/install/hello_world/share/hello_world/package.dsv'
[6.488s] INFO:colcon.colcon_core.shell:Creating package script '/home/remin/Desktop/exp-5-ros/install/hello_world/share/hello_world/package.sh'
[6.490s] INFO:colcon.colcon_core.shell:Creating package script '/home/remin/Desktop/exp-5-ros/install/hello_world/share/hello_world/package.bash'
[6.528s] INFO:colcon.colcon_core.shell:Creating package script '/home/remin/Desktop/exp-5-ros/install/hello_world/share/hello_world/package.zsh'
[6.530s] Level 1:colcon.colcon_core.environment:create_file_with_runtime_dependencies(/home/remin/Desktop/exp-5-ros/install/hello_world/share/colcon-core/packages/hello_world)
[6.531s] DEBUG:colcon.colcon_parallel_executor.executor.parallel:closing loop
[6.531s] DEBUG:colcon.colcon_parallel_executor.executor.parallel:loop closed
[6.531s] DEBUG:colcon.colcon_parallel_executor.executor.parallel:run_until_complete finished with '0'
[6.531s] DEBUG:colcon.colcon_core.event_reactor:joining thread
[6.598s] INFO:colcon.colcon_core.plugin_system:Skipping extension 'colcon_notification.desktop_notification.terminal_notifier': Not used on non-Darwin systems
[6.598s] INFO:colcon.colcon_core.plugin_system:Skipping extension 'colcon_notification.desktop_notification.win32': Not used on non-Windows systems
[6.598s] INFO:colcon.colcon_notification.desktop_notification:Sending desktop notification using 'notify2'
[6.613s] DEBUG:colcon.colcon_core.event_reactor:joined thread
[6.613s] INFO:colcon.colcon_core.shell:Creating prefix script '/home/remin/Desktop/exp-5-ros/install/local_setup.ps1'
[6.617s] INFO:colcon.colcon_core.shell:Creating prefix util module '/home/remin/Desktop/exp-5-ros/install/_local_setup_util_ps1.py'
[6.619s] INFO:colcon.colcon_core.shell:Creating prefix chain script '/home/remin/Desktop/exp-5-ros/install/setup.ps1'
[6.620s] INFO:colcon.colcon_core.shell:Creating prefix script '/home/remin/Desktop/exp-5-ros/install/local_setup.sh'
[6.620s] INFO:colcon.colcon_core.shell:Creating prefix util module '/home/remin/Desktop/exp-5-ros/install/_local_setup_util_sh.py'
[6.621s] INFO:colcon.colcon_core.shell:Creating prefix chain script '/home/remin/Desktop/exp-5-ros/install/setup.sh'
[6.622s] INFO:colcon.colcon_core.shell:Creating prefix script '/home/remin/Desktop/exp-5-ros/install/local_setup.bash'
[6.623s] INFO:colcon.colcon_core.shell:Creating prefix chain script '/home/remin/Desktop/exp-5-ros/install/setup.bash'
[6.623s] INFO:colcon.colcon_core.shell:Creating prefix script '/home/remin/Desktop/exp-5-ros/install/local_setup.zsh'
[6.624s] INFO:colcon.colcon_core.shell:Creating prefix chain script '/home/remin/Desktop/exp-5-ros/install/setup.zsh'
